\BOOKMARK [0][-]{chapter*.1}{\376\377\000L\000i\000s\000t\000\040\000o\000f\000\040\000F\000i\000g\000u\000r\000e\000s}{}% 1
\BOOKMARK [0][-]{chapter.1}{\376\377\0001\000\040\000T\000h\000e\000\040\000s\000o\000l\000a\000r\000\040\000g\000r\000a\000n\000u\000l\000a\000t\000i\000o\000n\000\040\000p\000a\000t\000t\000e\000r\000n\000s}{}% 2
\BOOKMARK [1][-]{section.1.1}{\376\377\0001\000.\0001\000\040\000T\000h\000e\000\040\000t\000h\000r\000e\000e\000\040\000s\000i\000g\000n\000a\000t\000u\000r\000e\000s\000\040\000o\000f\000\040\000c\000o\000n\000v\000e\000c\000t\000i\000o\000n}{chapter.1}% 3
\BOOKMARK [1][-]{section.1.2}{\376\377\0001\000.\0002\000\040\000T\000h\000e\000\040\000I\000A\000G\000\040\000s\000o\000l\000a\000r\000\040\000f\000l\000u\000x\000\040\000a\000t\000l\000a\000s}{chapter.1}% 4
\BOOKMARK [1][-]{section.1.3}{\376\377\0001\000.\0003\000\040\000T\000h\000e\000\040\000I\000A\000G\000\040\000s\000p\000a\000t\000i\000a\000l\000l\000y\000\040\000r\000e\000s\000o\000l\000v\000e\000d\000\040\000q\000u\000i\000e\000t\000\040\000S\000u\000n\000\040\000a\000t\000l\000a\000s}{chapter.1}% 5
\BOOKMARK [1][-]{section.1.4}{\376\377\0001\000.\0004\000\040\000M\000o\000t\000i\000v\000a\000t\000i\000o\000n}{chapter.1}% 6
\BOOKMARK [0][-]{chapter.2}{\376\377\0002\000\040\000C\000o\000n\000v\000e\000c\000t\000i\000v\000e\000\040\000m\000o\000t\000i\000o\000n\000\040\000i\000n\000\040\000t\000h\000e\000\040\000S\000u\000n}{}% 7
\BOOKMARK [1][-]{section.2.1}{\376\377\0002\000.\0001\000\040\000T\000h\000e\000\040\000s\000o\000l\000a\000r\000\040\000i\000n\000t\000e\000r\000i\000o\000r\000\040\000a\000n\000d\000\040\000t\000h\000e\000\040\000s\000o\000l\000a\000r\000\040\000o\000u\000t\000e\000r\000\040\000a\000t\000m\000o\000s\000p\000h\000e\000r\000e}{chapter.2}% 8
\BOOKMARK [1][-]{section.2.2}{\376\377\0002\000.\0002\000\040\000T\000h\000e\000\040\000s\000o\000l\000a\000r\000\040\000c\000o\000n\000v\000e\000c\000t\000i\000o\000n\000\040\000z\000o\000n\000e}{chapter.2}% 9
\BOOKMARK [2][-]{subsection.2.2.1}{\376\377\0002\000.\0002\000.\0001\000\040\000T\000h\000e\000\040\000S\000c\000h\000w\000a\000r\000z\000s\000c\000h\000i\000l\000d\000\040\000c\000r\000i\000t\000e\000r\000i\000o\000n}{section.2.2}% 10
\BOOKMARK [1][-]{section.2.3}{\376\377\0002\000.\0003\000\040\000T\000h\000e\000\040\000S\000o\000l\000a\000r\000\040\000P\000h\000o\000t\000o\000s\000p\000h\000e\000r\000e}{chapter.2}% 11
\BOOKMARK [2][-]{subsection.2.3.1}{\376\377\0002\000.\0003\000.\0001\000\040\000S\000t\000a\000t\000i\000c\000\040\000p\000h\000o\000t\000o\000s\000p\000h\000e\000r\000e\000:\000\040\000L\000i\000m\000b\000\040\000d\000a\000r\000k\000e\000n\000i\000n\000g\000\040\000p\000h\000e\000n\000o\000m\000e\000n\000o\000n}{section.2.3}% 12
\BOOKMARK [2][-]{subsection.2.3.2}{\376\377\0002\000.\0003\000.\0002\000\040\000D\000y\000n\000a\000m\000i\000c\000\040\000p\000h\000o\000t\000o\000s\000p\000h\000e\000r\000e\000:\000\040\000T\000h\000e\000\040\000C\000-\000c\000u\000r\000v\000e\000d\000\040\000p\000r\000o\000f\000i\000l\000e\000\040\000b\000i\000s\000e\000c\000t\000o\000r\000.}{section.2.3}% 13
\BOOKMARK [1][-]{section.2.4}{\376\377\0002\000.\0004\000\040\000T\000h\000e\000\040\000t\000h\000r\000e\000e\000\040\000s\000i\000g\000n\000a\000t\000u\000r\000e\000s\000\040\000o\000f\000\040\000c\000o\000n\000v\000e\000c\000t\000i\000o\000n}{chapter.2}% 14
\BOOKMARK [2][-]{subsection.2.4.1}{\376\377\0002\000.\0004\000.\0001\000\040\000F\000i\000r\000s\000t\000\040\000s\000i\000g\000n\000a\000t\000u\000r\000e\000\040\000o\000f\000\040\000c\000o\000n\000v\000e\000c\000t\000i\000o\000n\000:\000\040\000L\000i\000n\000e\000\040\000b\000r\000o\000a\000d\000e\000n\000i\000n\000g}{section.2.4}% 15
\BOOKMARK [2][-]{subsection.2.4.2}{\376\377\0002\000.\0004\000.\0002\000\040\000S\000e\000c\000o\000n\000d\000\040\000s\000i\000g\000n\000a\000t\000u\000r\000e\000\040\000o\000f\000\040\000c\000o\000n\000v\000e\000c\000t\000i\000o\000n\000:\000\040\000L\000i\000n\000e\000\040\000p\000r\000o\000f\000i\000l\000e\000\040\000a\000s\000y\000m\000m\000e\000t\000r\000y}{section.2.4}% 16
\BOOKMARK [2][-]{subsection.2.4.3}{\376\377\0002\000.\0004\000.\0003\000\040\000T\000h\000i\000r\000d\000\040\000s\000i\000g\000n\000a\000t\000u\000r\000e\000\040\000o\000f\000\040\000c\000o\000n\000v\000e\000c\000t\000i\000o\000n\000:\000\040\000L\000i\000n\000e\000\040\000d\000e\000p\000t\000h\000-\000d\000e\000p\000e\000n\000d\000e\000n\000t\000\040\000w\000a\000v\000e\000l\000e\000n\000g\000t\000h\000\040\000s\000h\000i\000f\000t\000s}{section.2.4}% 17
\BOOKMARK [2][-]{subsection.2.4.4}{\376\377\0002\000.\0004\000.\0004\000\040\000T\000h\000e\000\040\000t\000h\000i\000r\000d\000\040\000s\000i\000g\000n\000a\000t\000u\000r\000e\000\040\000p\000l\000o\000t}{section.2.4}% 18
\BOOKMARK [2][-]{subsection.2.4.5}{\376\377\0002\000.\0004\000.\0005\000\040\000C\000o\000n\000v\000e\000c\000t\000i\000v\000e\000\040\000B\000l\000u\000e\000s\000h\000i\000f\000t}{section.2.4}% 19
\BOOKMARK [2][-]{subsection.2.4.6}{\376\377\0002\000.\0004\000.\0006\000\040\000C\000h\000r\000o\000m\000o\000d\000e\000p\000e\000n\000d\000e\000n\000c\000e\000\040\000c\000h\000a\000r\000a\000c\000t\000e\000r\000i\000z\000a\000t\000i\000o\000n}{section.2.4}% 20
\BOOKMARK [0][-]{chapter.3}{\376\377\0003\000\040\000T\000h\000e\000\040\000b\000l\000e\000n\000d\000-\000f\000r\000e\000e\000\040\000l\000i\000s\000t\000\040\000o\000f\000\040\000F\000e\000\040\000I\000\040\000l\000i\000n\000e\000s}{}% 21
\BOOKMARK [1][-]{section.3.1}{\376\377\0003\000.\0001\000\040\000C\000o\000m\000p\000u\000t\000a\000t\000i\000o\000n\000a\000l\000\040\000a\000p\000p\000r\000o\000a\000c\000h}{chapter.3}% 22
\BOOKMARK [2][-]{subsection.3.1.1}{\376\377\0003\000.\0001\000.\0001\000\040\000S\000t\000a\000t\000i\000s\000t\000i\000c\000a\000l\000\040\000a\000n\000a\000l\000y\000s\000i\000s}{section.3.1}% 23
\BOOKMARK [1][-]{section.3.2}{\376\377\0003\000.\0002\000\040\000B\000l\000e\000n\000d\000-\000f\000r\000e\000e\000\040\000F\000e\000\040\000I\000\040\000l\000i\000n\000e\000\040\000N\000a\000v\000e\000\040\000l\000i\000s\000t}{chapter.3}% 24
\BOOKMARK [2][-]{subsection.3.2.1}{\376\377\0003\000.\0002\000.\0001\000\040\000S\000e\000l\000e\000c\000t\000i\000o\000n\000\040\000p\000r\000o\000c\000e\000s\000s\000\040\000f\000o\000r\000\040\000b\000l\000e\000n\000d\000-\000f\000r\000e\000e\000\040\000F\000e\000\040\000I\000\040\000l\000i\000n\000e\000s}{section.3.2}% 25
\BOOKMARK [0][-]{chapter.4}{\376\377\0004\000\040\000T\000h\000e\000\040\000t\000h\000r\000e\000e\000\040\000s\000i\000g\000n\000a\000t\000u\000r\000e\000s\000\040\000o\000f\000\040\000c\000o\000n\000v\000e\000c\000t\000i\000o\000n}{}% 26
\BOOKMARK [1][-]{section.4.1}{\376\377\0004\000.\0001\000\040\000T\000h\000e\000\040\000f\000i\000r\000s\000t\000\040\000s\000i\000g\000n\000a\000t\000u\000r\000e\000:\000\040\000L\000i\000n\000e\000\040\000b\000r\000o\000a\000d\000e\000n\000i\000n\000g}{chapter.4}% 27
\BOOKMARK [2][-]{subsection.4.1.1}{\376\377\0004\000.\0001\000.\0001\000\040\000L\000i\000n\000e\000\040\000d\000e\000p\000t\000h\000-\000d\000e\000p\000e\000n\000d\000e\000n\000c\000e\000\040\000o\000n\000\040\000l\000i\000n\000e\000\040\000c\000o\000r\000e\000\040\000c\000u\000r\000v\000a\000t\000u\000r\000e}{section.4.1}% 28
\BOOKMARK [1][-]{section.4.2}{\376\377\0004\000.\0002\000\040\000T\000h\000e\000\040\000s\000e\000c\000o\000n\000d\000\040\000s\000i\000g\000n\000a\000t\000u\000r\000e\000:\000\040\000L\000i\000n\000e\000\040\000p\000r\000o\000f\000i\000l\000e\000\040\000a\000s\000y\000m\000m\000e\000t\000r\000y}{chapter.4}% 29
\BOOKMARK [2][-]{subsection.4.2.1}{\376\377\0004\000.\0002\000.\0001\000\040\000T\000h\000e\000\040\000l\000i\000n\000e\000\040\000c\000o\000r\000e\000\040\000b\000i\000s\000e\000c\000t\000o\000r\000\040\000s\000l\000o\000p\000e}{section.4.2}% 30
\BOOKMARK [2][-]{subsection.4.2.2}{\376\377\0004\000.\0002\000.\0002\000\040\000F\000l\000u\000x\000\040\000d\000e\000f\000i\000c\000i\000t\000\040\000I\000N\000\040\000P\000R\000O\000G\000R\000E\000S\000S}{section.4.2}% 31
\BOOKMARK [1][-]{section.4.3}{\376\377\0004\000.\0003\000\040\000T\000h\000e\000\040\000t\000h\000i\000r\000d\000\040\000s\000i\000g\000n\000a\000t\000u\000r\000e\000:\000\040\000L\000i\000n\000e\000\040\000d\000e\000p\000t\000h\000-\000d\000e\000p\000e\000n\000d\000e\000n\000c\000e\000\040\000o\000n\000\040\000w\000a\000v\000e\000l\000e\000n\000g\000t\000h\000\040\000s\000h\000i\000f\000t\000s}{chapter.4}% 32
\BOOKMARK [2][-]{subsection.4.3.1}{\376\377\0004\000.\0003\000.\0001\000\040\000T\000h\000e\000\040\000g\000r\000a\000n\000u\000l\000a\000t\000i\000o\000n\000\040\000p\000a\000t\000t\000e\000r\000n}{section.4.3}% 33
\BOOKMARK [2][-]{subsection.4.3.2}{\376\377\0004\000.\0003\000.\0002\000\040\000L\000i\000n\000e\000\040\000d\000e\000p\000t\000h\000-\000d\000e\000p\000e\000n\000d\000e\000n\000c\000e\000\040\000o\000n\000\040\000e\000x\000c\000i\000t\000a\000t\000i\000o\000n\000\040\000p\000o\000t\000e\000n\000t\000i\000a\000l\000\040\000f\000o\000r\000\040\000t\000h\000e\000\040\000l\000o\000w\000e\000s\000t\000\040\000e\000n\000e\000r\000g\000y\000\040\000l\000e\000v\000e\000l}{section.4.3}% 34
\BOOKMARK [2][-]{subsection.4.3.3}{\376\377\0004\000.\0003\000.\0003\000\040\000C\000h\000a\000r\000a\000c\000t\000e\000r\000i\000z\000a\000t\000i\000o\000n\000\040\000o\000f\000\040\000c\000h\000r\000o\000m\000o\000d\000e\000p\000e\000n\000c\000e\000\040\000o\000n\000\040\000g\000r\000a\000n\000u\000l\000a\000t\000i\000o\000n\000\040\000p\000a\000t\000t\000e\000r\000n}{section.4.3}% 35
\BOOKMARK [1][-]{section.4.4}{\376\377\0004\000.\0004\000\040\000H\000i\000g\000h\000e\000r\000\040\000q\000u\000a\000l\000i\000t\000y\000\040\000g\000r\000a\000p\000h\000s}{chapter.4}% 36
\BOOKMARK [0][-]{chapter.5}{\376\377\0005\000\040\000W\000a\000v\000e\000l\000e\000n\000g\000t\000h\000\040\000a\000n\000d\000\040\000l\000i\000n\000e\000\040\000d\000e\000p\000t\000h\000\040\000d\000e\000p\000e\000n\000d\000e\000n\000c\000e\000s}{}% 37
\BOOKMARK [0][-]{appendix.1.A}{\376\377\000A\000\040\000Z\000-\000s\000c\000o\000r\000e\000\040\000S\000t\000a\000n\000d\000a\000r\000d\000i\000z\000a\000t\000i\000o\000n}{}% 38
\BOOKMARK [0][-]{appendix.1.B}{\376\377\000B\000\040\000T\000h\000e\000\040\000t\000h\000i\000r\000d\000\040\000d\000e\000r\000i\000v\000a\000t\000i\000v\000e\000\040\000r\000e\000l\000a\000t\000i\000o\000n}{}% 39
\BOOKMARK [0][-]{appendix.1.C}{\376\377\000C\000\040\000V\000i\000s\000u\000a\000l\000i\000z\000e\000r\000\040\000f\000o\000r\000\040\000o\000u\000t\000l\000i\000e\000r\000s}{}% 40
\BOOKMARK [1][-]{section.1.C.1}{\376\377\000C\000.\0001\000\040\000T\000e\000s\000t\000\040\000e\000x\000a\000m\000p\000l\000e}{appendix.1.C}% 41
