This is pdfTeX, Version 3.141592653-2.6-1.40.27 (MiKTeX 25.4) (preloaded format=pdflatex 2025.9.26)  3 DEC 2025 13:23
entering extended mode
 restricted \write18 enabled.
 file:line:error style messages enabled.
 %&-line parsing enabled.
**c:/Users/clauw/Documents/Programming/Final-Project/Document/Monography/Chapter_0.tex
(c:/Users/clauw/Documents/Programming/Final-Project/Document/Monography/Chapter_0.tex
LaTeX2e <2025-06-01> patch level 1
L3 programming layer <2025-09-02>
(C:\Users\clauw\AppData\Local\Programs\MiKTeX\tex/latex/base\report.cls
Document Class: report 2025/01/22 v1.4n Standard LaTeX document class
(C:\Users\clauw\AppData\Local\Programs\MiKTeX\tex/latex/base\size12.clo
File: size12.clo 2025/01/22 v1.4n Standard LaTeX file (size option)
)
\c@part=\count275
\c@chapter=\count276
\c@section=\count277
\c@subsection=\count278
\c@subsubsection=\count279
\c@paragraph=\count280
\c@subparagraph=\count281
\c@figure=\count282
\c@table=\count283
\abovecaptionskip=\skip49
\belowcaptionskip=\skip50
\bibindent=\dimen148
) (monostyle.sty (C:\Users\clauw\AppData\Local\Programs\MiKTeX\tex/latex/fancyhdr\fancyhdr.sty
Package: fancyhdr 2025/02/07 v5.2 Extensive control of page headers and footers
\f@nch@headwidth=\skip51
\f@nch@offset@elh=\skip52
\f@nch@offset@erh=\skip53
\f@nch@offset@olh=\skip54
\f@nch@offset@orh=\skip55
\f@nch@offset@elf=\skip56
\f@nch@offset@erf=\skip57
\f@nch@offset@olf=\skip58
\f@nch@offset@orf=\skip59
\f@nch@height=\skip60
\f@nch@footalignment=\skip61
\f@nch@widthL=\skip62
\f@nch@widthC=\skip63
\f@nch@widthR=\skip64
\@temptokenb=\toks17
) (C:\Users\clauw\AppData\Local\Programs\MiKTeX\tex/latex/tools\enumerate.sty
Package: enumerate 2023/07/04 v3.00 enumerate extensions (DPC)
\@enLab=\toks18
) (C:\Users\clauw\AppData\Local\Programs\MiKTeX\tex/generic/babel\babel.sty
Package: babel 2025/08/03 v25.12 The multilingual framework for LuaLaTeX, pdfLaTeX and XeLaTeX
\babel@savecnt=\count284
LaTeX Encoding Info:    Redeclaring text command \ij (encoding OT1) on input line 2045.
LaTeX Encoding Info:    Redeclaring text command \IJ (encoding OT1) on input line 2047.
LaTeX Encoding Info:    Redeclaring text command \ij (encoding T1) on input line 2049.
LaTeX Encoding Info:    Redeclaring text command \IJ (encoding T1) on input line 2050.
LaTeX Encoding Info:    Ignoring declaration for text command \ij (encoding ?) on input line 2051.
LaTeX Encoding Info:    Ignoring declaration for text command \IJ (encoding ?) on input line 2053.
LaTeX Encoding Info:    Ignoring declaration for text command \SS (encoding ?) on input line 2078.
\U@D=\dimen149
\l@unhyphenated=\language79
 (C:\Users\clauw\AppData\Local\Programs\MiKTeX\tex/generic/babel\txtbabel.def)
\bbl@readstream=\read2
\bbl@dirlevel=\count285

*************************************
* Local config file bblopts.cfg used
*
(C:\Users\clauw\AppData\Local\Programs\MiKTeX\tex/latex/arabi\bblopts.cfg
File: bblopts.cfg 2005/09/08 v0.1 add Arabic and Farsi to "declared" options of babel
) (C:\Users\clauw\AppData\Local\Programs\MiKTeX\tex/latex/babel-english\english.ldf
Language: english 2017/06/06 v3.3r English support from the babel system
 (C:\Users\clauw\AppData\Local\Programs\MiKTeX\tex/generic/babel/locale/en\babel-english.tex
Package babel Info: Importing font and identification data for english
(babel)             from babel-en.ini. Reported on input line 12.
)
Package babel Info: Hyphen rules for 'canadian' set to \l@english
(babel)             (\language0). Reported on input line 102.
Package babel Info: Hyphen rules for 'australian' set to \l@ukenglish
(babel)             (\language73). Reported on input line 105.
Package babel Info: Hyphen rules for 'newzealand' set to \l@ukenglish
(babel)             (\language73). Reported on input line 108.
)) (C:\Users\clauw\AppData\Local\Programs\MiKTeX\tex/latex/tools\multicol.sty
Package: multicol 2025/05/25 v2.0a multicolumn formatting (FMi)
\c@tracingmulticols=\count286
\mult@box=\box53
\multicol@leftmargin=\dimen150
\c@unbalance=\count287
\c@collectmore=\count288
\doublecol@number=\count289
\multicoltolerance=\count290
\multicolpretolerance=\count291
\full@width=\dimen151
\page@free=\dimen152
\premulticols=\dimen153
\postmulticols=\dimen154
\multicolsep=\skip65
\multicolbaselineskip=\skip66
\partial@page=\box54
\last@line=\box55
\mc@boxedresult=\box56
\maxbalancingoverflow=\dimen155
\mult@rightbox=\box57
\mult@grightbox=\box58
\mult@firstbox=\box59
\mult@gfirstbox=\box60
\@tempa=\box61
\@tempa=\box62
\@tempa=\box63
\@tempa=\box64
\@tempa=\box65
\@tempa=\box66
\@tempa=\box67
\@tempa=\box68
\@tempa=\box69
\@tempa=\box70
\@tempa=\box71
\@tempa=\box72
\@tempa=\box73
\@tempa=\box74
\@tempa=\box75
\@tempa=\box76
\@tempa=\box77
\@tempa=\box78
\@tempa=\box79
\@tempa=\box80
\@tempa=\box81
\@tempa=\box82
\@tempa=\box83
\@tempa=\box84
\@tempa=\box85
\@tempa=\box86
\@tempa=\box87
\@tempa=\box88
\@tempa=\box89
\@tempa=\box90
\@tempa=\box91
\@tempa=\box92
\@tempa=\box93
\@tempa=\box94
\@tempa=\box95
\@tempa=\box96
\c@minrows=\count292
\c@columnbadness=\count293
\c@finalcolumnbadness=\count294
\last@try=\dimen156
\multicolovershoot=\dimen157
\multicolundershoot=\dimen158
\mult@nat@firstbox=\box97
\colbreak@box=\box98
\mc@col@check@num=\count295
\g__mc_curr_col_int=\count296
) (C:\Users\clauw\AppData\Local\Programs\MiKTeX\tex/latex/blindtext\blindtext.sty
Package: blindtext 2012/01/06 V2.0 blindtext-Package
 (C:\Users\clauw\AppData\Local\Programs\MiKTeX\tex/latex/tools\xspace.sty
Package: xspace 2014/10/28 v1.13 Space after command names (DPC,MH)
)
\c@blindtext=\count297
\c@Blindtext=\count298
\c@blind@countparstart=\count299
\blind@countxx=\count300
\blindtext@numBlindtext=\count301
\blind@countyy=\count302
\c@blindlist=\count303
\c@blindlistlevel=\count304
\c@blindlist@level=\count305
\blind@listitem=\count306
\c@blind@listcount=\count307
\c@blind@levelcount=\count308
\blind@mathformula=\count309
\blind@Mathformula=\count310
\c@blind@randomcount=\count311
\c@blind@randommax=\count312
\c@blind@pangramcount=\count313
\c@blind@pangrammax=\count314
) (C:\Users\clauw\AppData\Local\Programs\MiKTeX\tex/latex/csquotes\csquotes.sty
Package: csquotes 2024-04-04 v5.2o context-sensitive quotations (JAW)
 (C:\Users\clauw\AppData\Local\Programs\MiKTeX\tex/latex/etoolbox\etoolbox.sty
Package: etoolbox 2025/02/11 v2.5l e-TeX tools for LaTeX (JAW)
\etb@tempcnta=\count315
) (C:\Users\clauw\AppData\Local\Programs\MiKTeX\tex/latex/graphics\keyval.sty
Package: keyval 2022/05/29 v1.15 key=value parser (DPC)
\KV@toks@=\toks19
)
\csq@reset=\count316
\csq@gtype=\count317
\csq@glevel=\count318
\csq@qlevel=\count319
\csq@maxlvl=\count320
\csq@tshold=\count321
\csq@ltx@everypar=\toks20
 (C:\Users\clauw\AppData\Local\Programs\MiKTeX\tex/latex/csquotes\csquotes.def
File: csquotes.def 2024-04-04 v5.2o csquotes generic definitions (JAW)
)
Package csquotes Info: Trying to load configuration file 'csquotes.cfg'...
Package csquotes Info: ... configuration file loaded successfully.
 (C:\Users\clauw\AppData\Local\Programs\MiKTeX\tex/latex/csquotes\csquotes.cfg
File: csquotes.cfg 
)) (C:\Users\clauw\AppData\Local\Programs\MiKTeX\tex/latex/textgreek\textgreek.sty
Package: textgreek 2011/10/09 v0.7 Greek symbols in text
Package textgreek Info: Loading the definitions for the Greek fontencoding. on input line 39.
 (C:\Users\clauw\AppData\Local\Programs\MiKTeX\tex/latex/greek-fontenc\lgrenc.def
File: lgrenc.def 2023-09-12 2.5 LGR Greek font encoding definitions
Now handling font encoding LGR ...
... processing UTF-8 mapping file for font encoding LGR
 (C:\Users\clauw\AppData\Local\Programs\MiKTeX\tex/latex/greek-inputenc\lgrenc.dfu
File: lgrenc.dfu 2023-03-21 1.9 UTF-8 support for Greek
   defining Unicode char U+00A8 (decimal 168)
   defining Unicode char U+00AB (decimal 171)
   defining Unicode char U+00AF (decimal 175)
   defining Unicode char U+00B4 (decimal 180)
   defining Unicode char U+00B7 (decimal 183)
   defining Unicode char U+00BB (decimal 187)
   defining Unicode char U+0259 (decimal 601)
   defining Unicode char U+02D8 (decimal 728)
   defining Unicode char U+0374 (decimal 884)
   defining Unicode char U+0375 (decimal 885)
   defining Unicode char U+037A (decimal 890)
   defining Unicode char U+037E (decimal 894)
   defining Unicode char U+0384 (decimal 900)
   defining Unicode char U+0385 (decimal 901)
   defining Unicode char U+0386 (decimal 902)
   defining Unicode char U+0387 (decimal 903)
   defining Unicode char U+0388 (decimal 904)
   defining Unicode char U+0389 (decimal 905)
   defining Unicode char U+038A (decimal 906)
   defining Unicode char U+038C (decimal 908)
   defining Unicode char U+038E (decimal 910)
   defining Unicode char U+038F (decimal 911)
   defining Unicode char U+0390 (decimal 912)
   defining Unicode char U+0391 (decimal 913)
   defining Unicode char U+0392 (decimal 914)
   defining Unicode char U+0393 (decimal 915)
   defining Unicode char U+0394 (decimal 916)
   defining Unicode char U+0395 (decimal 917)
   defining Unicode char U+0396 (decimal 918)
   defining Unicode char U+0397 (decimal 919)
   defining Unicode char U+0398 (decimal 920)
   defining Unicode char U+0399 (decimal 921)
   defining Unicode char U+039A (decimal 922)
   defining Unicode char U+039B (decimal 923)
   defining Unicode char U+039C (decimal 924)
   defining Unicode char U+039D (decimal 925)
   defining Unicode char U+039E (decimal 926)
   defining Unicode char U+039F (decimal 927)
   defining Unicode char U+03A0 (decimal 928)
   defining Unicode char U+03A1 (decimal 929)
   defining Unicode char U+03A3 (decimal 931)
   defining Unicode char U+03A4 (decimal 932)
   defining Unicode char U+03A5 (decimal 933)
   defining Unicode char U+03A6 (decimal 934)
   defining Unicode char U+03A7 (decimal 935)
   defining Unicode char U+03A8 (decimal 936)
   defining Unicode char U+03A9 (decimal 937)
   defining Unicode char U+03AA (decimal 938)
   defining Unicode char U+03AB (decimal 939)
   defining Unicode char U+03AC (decimal 940)
   defining Unicode char U+03AD (decimal 941)
   defining Unicode char U+03AE (decimal 942)
   defining Unicode char U+03AF (decimal 943)
   defining Unicode char U+03B0 (decimal 944)
   defining Unicode char U+03B1 (decimal 945)
   defining Unicode char U+03B2 (decimal 946)
   defining Unicode char U+03B3 (decimal 947)
   defining Unicode char U+03B4 (decimal 948)
   defining Unicode char U+03B5 (decimal 949)
   defining Unicode char U+03B6 (decimal 950)
   defining Unicode char U+03B7 (decimal 951)
   defining Unicode char U+03B8 (decimal 952)
   defining Unicode char U+03B9 (decimal 953)
   defining Unicode char U+03BA (decimal 954)
   defining Unicode char U+03BB (decimal 955)
   defining Unicode char U+03BC (decimal 956)
   defining Unicode char U+03BD (decimal 957)
   defining Unicode char U+03BE (decimal 958)
   defining Unicode char U+03BF (decimal 959)
   defining Unicode char U+03C0 (decimal 960)
   defining Unicode char U+03C1 (decimal 961)
   defining Unicode char U+03C2 (decimal 962)
   defining Unicode char U+03C3 (decimal 963)
   defining Unicode char U+03C4 (decimal 964)
   defining Unicode char U+03C5 (decimal 965)
   defining Unicode char U+03C6 (decimal 966)
   defining Unicode char U+03C7 (decimal 967)
   defining Unicode char U+03C8 (decimal 968)
   defining Unicode char U+03C9 (decimal 969)
   defining Unicode char U+03CA (decimal 970)
   defining Unicode char U+03CB (decimal 971)
   defining Unicode char U+03CC (decimal 972)
   defining Unicode char U+03CD (decimal 973)
   defining Unicode char U+03CE (decimal 974)
   defining Unicode char U+03D0 (decimal 976)
   defining Unicode char U+03D1 (decimal 977)
   defining Unicode char U+03D5 (decimal 981)
   defining Unicode char U+03D6 (decimal 982)
   defining Unicode char U+03D8 (decimal 984)
   defining Unicode char U+03D9 (decimal 985)
   defining Unicode char U+03DA (decimal 986)
   defining Unicode char U+03DB (decimal 987)
   defining Unicode char U+03DC (decimal 988)
   defining Unicode char U+03DD (decimal 989)
   defining Unicode char U+03DE (decimal 990)
   defining Unicode char U+03DF (decimal 991)
   defining Unicode char U+03E0 (decimal 992)
   defining Unicode char U+03E1 (decimal 993)
   defining Unicode char U+03F0 (decimal 1008)
   defining Unicode char U+03F1 (decimal 1009)
   defining Unicode char U+03F4 (decimal 1012)
   defining Unicode char U+03F5 (decimal 1013)
   defining Unicode char U+1F00 (decimal 7936)
   defining Unicode char U+1F01 (decimal 7937)
   defining Unicode char U+1F02 (decimal 7938)
   defining Unicode char U+1F03 (decimal 7939)
   defining Unicode char U+1F04 (decimal 7940)
   defining Unicode char U+1F05 (decimal 7941)
   defining Unicode char U+1F06 (decimal 7942)
   defining Unicode char U+1F07 (decimal 7943)
   defining Unicode char U+1F08 (decimal 7944)
   defining Unicode char U+1F09 (decimal 7945)
   defining Unicode char U+1F0A (decimal 7946)
   defining Unicode char U+1F0B (decimal 7947)
   defining Unicode char U+1F0C (decimal 7948)
   defining Unicode char U+1F0D (decimal 7949)
   defining Unicode char U+1F0E (decimal 7950)
   defining Unicode char U+1F0F (decimal 7951)
   defining Unicode char U+1F10 (decimal 7952)
   defining Unicode char U+1F11 (decimal 7953)
   defining Unicode char U+1F12 (decimal 7954)
   defining Unicode char U+1F13 (decimal 7955)
   defining Unicode char U+1F14 (decimal 7956)
   defining Unicode char U+1F15 (decimal 7957)
   defining Unicode char U+1F18 (decimal 7960)
   defining Unicode char U+1F19 (decimal 7961)
   defining Unicode char U+1F1A (decimal 7962)
   defining Unicode char U+1F1B (decimal 7963)
   defining Unicode char U+1F1C (decimal 7964)
   defining Unicode char U+1F1D (decimal 7965)
   defining Unicode char U+1F20 (decimal 7968)
   defining Unicode char U+1F21 (decimal 7969)
   defining Unicode char U+1F22 (decimal 7970)
   defining Unicode char U+1F23 (decimal 7971)
   defining Unicode char U+1F24 (decimal 7972)
   defining Unicode char U+1F25 (decimal 7973)
   defining Unicode char U+1F26 (decimal 7974)
   defining Unicode char U+1F27 (decimal 7975)
   defining Unicode char U+1F28 (decimal 7976)
   defining Unicode char U+1F29 (decimal 7977)
   defining Unicode char U+1F2A (decimal 7978)
   defining Unicode char U+1F2B (decimal 7979)
   defining Unicode char U+1F2C (decimal 7980)
   defining Unicode char U+1F2D (decimal 7981)
   defining Unicode char U+1F2E (decimal 7982)
   defining Unicode char U+1F2F (decimal 7983)
   defining Unicode char U+1F30 (decimal 7984)
   defining Unicode char U+1F31 (decimal 7985)
   defining Unicode char U+1F32 (decimal 7986)
   defining Unicode char U+1F33 (decimal 7987)
   defining Unicode char U+1F34 (decimal 7988)
   defining Unicode char U+1F35 (decimal 7989)
   defining Unicode char U+1F36 (decimal 7990)
   defining Unicode char U+1F37 (decimal 7991)
   defining Unicode char U+1F38 (decimal 7992)
   defining Unicode char U+1F39 (decimal 7993)
   defining Unicode char U+1F3A (decimal 7994)
   defining Unicode char U+1F3B (decimal 7995)
   defining Unicode char U+1F3C (decimal 7996)
   defining Unicode char U+1F3D (decimal 7997)
   defining Unicode char U+1F3E (decimal 7998)
   defining Unicode char U+1F3F (decimal 7999)
   defining Unicode char U+1F40 (decimal 8000)
   defining Unicode char U+1F41 (decimal 8001)
   defining Unicode char U+1F42 (decimal 8002)
   defining Unicode char U+1F43 (decimal 8003)
   defining Unicode char U+1F44 (decimal 8004)
   defining Unicode char U+1F45 (decimal 8005)
   defining Unicode char U+1F48 (decimal 8008)
   defining Unicode char U+1F49 (decimal 8009)
   defining Unicode char U+1F4A (decimal 8010)
   defining Unicode char U+1F4B (decimal 8011)
   defining Unicode char U+1F4C (decimal 8012)
   defining Unicode char U+1F4D (decimal 8013)
   defining Unicode char U+1F50 (decimal 8016)
   defining Unicode char U+1F51 (decimal 8017)
   defining Unicode char U+1F52 (decimal 8018)
   defining Unicode char U+1F53 (decimal 8019)
   defining Unicode char U+1F54 (decimal 8020)
   defining Unicode char U+1F55 (decimal 8021)
   defining Unicode char U+1F56 (decimal 8022)
   defining Unicode char U+1F57 (decimal 8023)
   defining Unicode char U+1F59 (decimal 8025)
   defining Unicode char U+1F5B (decimal 8027)
   defining Unicode char U+1F5D (decimal 8029)
   defining Unicode char U+1F5F (decimal 8031)
   defining Unicode char U+1F60 (decimal 8032)
   defining Unicode char U+1F61 (decimal 8033)
   defining Unicode char U+1F62 (decimal 8034)
   defining Unicode char U+1F63 (decimal 8035)
   defining Unicode char U+1F64 (decimal 8036)
   defining Unicode char U+1F65 (decimal 8037)
   defining Unicode char U+1F66 (decimal 8038)
   defining Unicode char U+1F67 (decimal 8039)
   defining Unicode char U+1F68 (decimal 8040)
   defining Unicode char U+1F69 (decimal 8041)
   defining Unicode char U+1F6A (decimal 8042)
   defining Unicode char U+1F6B (decimal 8043)
   defining Unicode char U+1F6C (decimal 8044)
   defining Unicode char U+1F6D (decimal 8045)
   defining Unicode char U+1F6E (decimal 8046)
   defining Unicode char U+1F6F (decimal 8047)
   defining Unicode char U+1F70 (decimal 8048)
   defining Unicode char U+1F71 (decimal 8049)
   defining Unicode char U+1F72 (decimal 8050)
   defining Unicode char U+1F73 (decimal 8051)
   defining Unicode char U+1F74 (decimal 8052)
   defining Unicode char U+1F75 (decimal 8053)
   defining Unicode char U+1F76 (decimal 8054)
   defining Unicode char U+1F77 (decimal 8055)
   defining Unicode char U+1F78 (decimal 8056)
   defining Unicode char U+1F79 (decimal 8057)
   defining Unicode char U+1F7A (decimal 8058)
   defining Unicode char U+1F7B (decimal 8059)
   defining Unicode char U+1F7C (decimal 8060)
   defining Unicode char U+1F7D (decimal 8061)
   defining Unicode char U+1F80 (decimal 8064)
   defining Unicode char U+1F81 (decimal 8065)
   defining Unicode char U+1F82 (decimal 8066)
   defining Unicode char U+1F83 (decimal 8067)
   defining Unicode char U+1F84 (decimal 8068)
   defining Unicode char U+1F85 (decimal 8069)
   defining Unicode char U+1F86 (decimal 8070)
   defining Unicode char U+1F87 (decimal 8071)
   defining Unicode char U+1F88 (decimal 8072)
   defining Unicode char U+1F89 (decimal 8073)
   defining Unicode char U+1F8A (decimal 8074)
   defining Unicode char U+1F8B (decimal 8075)
   defining Unicode char U+1F8C (decimal 8076)
   defining Unicode char U+1F8D (decimal 8077)
   defining Unicode char U+1F8E (decimal 8078)
   defining Unicode char U+1F8F (decimal 8079)
   defining Unicode char U+1F90 (decimal 8080)
   defining Unicode char U+1F91 (decimal 8081)
   defining Unicode char U+1F92 (decimal 8082)
   defining Unicode char U+1F93 (decimal 8083)
   defining Unicode char U+1F94 (decimal 8084)
   defining Unicode char U+1F95 (decimal 8085)
   defining Unicode char U+1F96 (decimal 8086)
   defining Unicode char U+1F97 (decimal 8087)
   defining Unicode char U+1F98 (decimal 8088)
   defining Unicode char U+1F99 (decimal 8089)
   defining Unicode char U+1F9A (decimal 8090)
   defining Unicode char U+1F9B (decimal 8091)
   defining Unicode char U+1F9C (decimal 8092)
   defining Unicode char U+1F9D (decimal 8093)
   defining Unicode char U+1F9E (decimal 8094)
   defining Unicode char U+1F9F (decimal 8095)
   defining Unicode char U+1FA0 (decimal 8096)
   defining Unicode char U+1FA1 (decimal 8097)
   defining Unicode char U+1FA2 (decimal 8098)
   defining Unicode char U+1FA3 (decimal 8099)
   defining Unicode char U+1FA4 (decimal 8100)
   defining Unicode char U+1FA5 (decimal 8101)
   defining Unicode char U+1FA6 (decimal 8102)
   defining Unicode char U+1FA7 (decimal 8103)
   defining Unicode char U+1FA8 (decimal 8104)
   defining Unicode char U+1FA9 (decimal 8105)
   defining Unicode char U+1FAA (decimal 8106)
   defining Unicode char U+1FAB (decimal 8107)
   defining Unicode char U+1FAC (decimal 8108)
   defining Unicode char U+1FAD (decimal 8109)
   defining Unicode char U+1FAE (decimal 8110)
   defining Unicode char U+1FAF (decimal 8111)
   defining Unicode char U+1FB0 (decimal 8112)
   defining Unicode char U+1FB1 (decimal 8113)
   defining Unicode char U+1FB2 (decimal 8114)
   defining Unicode char U+1FB3 (decimal 8115)
   defining Unicode char U+1FB4 (decimal 8116)
   defining Unicode char U+1FB6 (decimal 8118)
   defining Unicode char U+1FB7 (decimal 8119)
   defining Unicode char U+1FB8 (decimal 8120)
   defining Unicode char U+1FB9 (decimal 8121)
   defining Unicode char U+1FBA (decimal 8122)
   defining Unicode char U+1FBB (decimal 8123)
   defining Unicode char U+1FBC (decimal 8124)
   defining Unicode char U+1FBD (decimal 8125)
   defining Unicode char U+1FBE (decimal 8126)
   defining Unicode char U+1FBF (decimal 8127)
   defining Unicode char U+1FC0 (decimal 8128)
   defining Unicode char U+1FC1 (decimal 8129)
   defining Unicode char U+1FC2 (decimal 8130)
   defining Unicode char U+1FC3 (decimal 8131)
   defining Unicode char U+1FC4 (decimal 8132)
   defining Unicode char U+1FC6 (decimal 8134)
   defining Unicode char U+1FC7 (decimal 8135)
   defining Unicode char U+1FC8 (decimal 8136)
   defining Unicode char U+1FC9 (decimal 8137)
   defining Unicode char U+1FCA (decimal 8138)
   defining Unicode char U+1FCB (decimal 8139)
   defining Unicode char U+1FCC (decimal 8140)
   defining Unicode char U+1FCD (decimal 8141)
   defining Unicode char U+1FCE (decimal 8142)
   defining Unicode char U+1FCF (decimal 8143)
   defining Unicode char U+1FD0 (decimal 8144)
   defining Unicode char U+1FD1 (decimal 8145)
   defining Unicode char U+1FD2 (decimal 8146)
   defining Unicode char U+1FD3 (decimal 8147)
   defining Unicode char U+1FD6 (decimal 8150)
   defining Unicode char U+1FD7 (decimal 8151)
   defining Unicode char U+1FD8 (decimal 8152)
   defining Unicode char U+1FD9 (decimal 8153)
   defining Unicode char U+1FDA (decimal 8154)
   defining Unicode char U+1FDB (decimal 8155)
   defining Unicode char U+1FDD (decimal 8157)
   defining Unicode char U+1FDE (decimal 8158)
   defining Unicode char U+1FDF (decimal 8159)
   defining Unicode char U+1FE0 (decimal 8160)
   defining Unicode char U+1FE1 (decimal 8161)
   defining Unicode char U+1FE2 (decimal 8162)
   defining Unicode char U+1FE3 (decimal 8163)
   defining Unicode char U+1FE4 (decimal 8164)
   defining Unicode char U+1FE5 (decimal 8165)
   defining Unicode char U+1FE6 (decimal 8166)
   defining Unicode char U+1FE7 (decimal 8167)
   defining Unicode char U+1FE8 (decimal 8168)
   defining Unicode char U+1FE9 (decimal 8169)
   defining Unicode char U+1FEA (decimal 8170)
   defining Unicode char U+1FEB (decimal 8171)
   defining Unicode char U+1FEC (decimal 8172)
   defining Unicode char U+1FED (decimal 8173)
   defining Unicode char U+1FEE (decimal 8174)
   defining Unicode char U+1FEF (decimal 8175)
   defining Unicode char U+1FF2 (decimal 8178)
   defining Unicode char U+1FF3 (decimal 8179)
   defining Unicode char U+1FF4 (decimal 8180)
   defining Unicode char U+1FF6 (decimal 8182)
   defining Unicode char U+1FF7 (decimal 8183)
   defining Unicode char U+1FF8 (decimal 8184)
   defining Unicode char U+1FF9 (decimal 8185)
   defining Unicode char U+1FFA (decimal 8186)
   defining Unicode char U+1FFB (decimal 8187)
   defining Unicode char U+1FFC (decimal 8188)
   defining Unicode char U+1FFD (decimal 8189)
   defining Unicode char U+1FFE (decimal 8190)
   defining Unicode char U+2013 (decimal 8211)
   defining Unicode char U+2014 (decimal 8212)
   defining Unicode char U+2018 (decimal 8216)
   defining Unicode char U+2019 (decimal 8217)
   defining Unicode char U+201A (decimal 8218)
   defining Unicode char U+2030 (decimal 8240)
   defining Unicode char U+2039 (decimal 8249)
   defining Unicode char U+203A (decimal 8250)
   defining Unicode char U+20AC (decimal 8364)
   defining Unicode char U+2126 (decimal 8486)
   defining Unicode char U+10144 (decimal 65860)
   defining Unicode char U+10145 (decimal 65861)
   defining Unicode char U+10146 (decimal 65862)
   defining Unicode char U+10147 (decimal 65863)
) (C:\Users\clauw\AppData\Local\Programs\MiKTeX\tex/latex/greek-fontenc\greek-fontenc.def
File: greek-fontenc.def 2023-09-12 2.5 Common Greek font encoding definitions
LaTeX Encoding Info:    Ignoring declaration for text command \accACUTE (encoding LGR) on input line 251.
LaTeX Encoding Info:    Ignoring declaration for text command \accGRAVE (encoding LGR) on input line 259.
LaTeX Encoding Info:    Ignoring declaration for text command \accTILDE (encoding LGR) on input line 267.
))
Package textgreek Info: Loaded fontmap: {eur/*/*}{U/eur/*/*} {phv/*/*}{U/psy/*/*}. on input line 69.
) (C:\Users\clauw\AppData\Local\Programs\MiKTeX\tex/latex/multirow\multirow.sty
Package: multirow 2024/11/12 v2.9 Span multiple rows of a table
\multirow@colwidth=\skip67
\multirow@cntb=\count322
\multirow@dima=\skip68
\bigstrutjot=\dimen159
) (C:\Users\clauw\AppData\Local\Programs\MiKTeX\tex/latex/amsmath\amsmath.sty
Package: amsmath 2025/06/16 v2.17y AMS math features
\@mathmargin=\skip69

For additional information on amsmath, use the `?' option.
(C:\Users\clauw\AppData\Local\Programs\MiKTeX\tex/latex/amsmath\amstext.sty
Package: amstext 2024/11/17 v2.01 AMS text
 (C:\Users\clauw\AppData\Local\Programs\MiKTeX\tex/latex/amsmath\amsgen.sty
File: amsgen.sty 1999/11/30 v2.0 generic functions
\@emptytoks=\toks21
\ex@=\dimen160
)) (C:\Users\clauw\AppData\Local\Programs\MiKTeX\tex/latex/amsmath\amsbsy.sty
Package: amsbsy 1999/11/29 v1.2d Bold Symbols
\pmbraise@=\dimen161
) (C:\Users\clauw\AppData\Local\Programs\MiKTeX\tex/latex/amsmath\amsopn.sty
Package: amsopn 2022/04/08 v2.04 operator names
)
\inf@bad=\count323
LaTeX Info: Redefining \frac on input line 233.
\uproot@=\count324
\leftroot@=\count325
LaTeX Info: Redefining \overline on input line 398.
LaTeX Info: Redefining \colon on input line 409.
\classnum@=\count326
\DOTSCASE@=\count327
LaTeX Info: Redefining \ldots on input line 495.
LaTeX Info: Redefining \dots on input line 498.
LaTeX Info: Redefining \cdots on input line 619.
\Mathstrutbox@=\box99
\strutbox@=\box100
LaTeX Info: Redefining \big on input line 721.
LaTeX Info: Redefining \Big on input line 722.
LaTeX Info: Redefining \bigg on input line 723.
LaTeX Info: Redefining \Bigg on input line 724.
\big@size=\dimen162
LaTeX Font Info:    Redeclaring font encoding OML on input line 742.
LaTeX Font Info:    Redeclaring font encoding OMS on input line 743.
\macc@depth=\count328
LaTeX Info: Redefining \bmod on input line 904.
LaTeX Info: Redefining \pmod on input line 909.
LaTeX Info: Redefining \smash on input line 939.
LaTeX Info: Redefining \relbar on input line 969.
LaTeX Info: Redefining \Relbar on input line 970.
\c@MaxMatrixCols=\count329
\dotsspace@=\muskip17
\c@parentequation=\count330
\dspbrk@lvl=\count331
\tag@help=\toks22
\row@=\count332
\column@=\count333
\maxfields@=\count334
\andhelp@=\toks23
\eqnshift@=\dimen163
\alignsep@=\dimen164
\tagshift@=\dimen165
\tagwidth@=\dimen166
\totwidth@=\dimen167
\lineht@=\dimen168
\@envbody=\toks24
\multlinegap=\skip70
\multlinetaggap=\skip71
\mathdisplay@stack=\toks25
LaTeX Info: Redefining \[ on input line 2949.
LaTeX Info: Redefining \] on input line 2950.
) (C:\Users\clauw\AppData\Local\Programs\MiKTeX\tex/latex/amscls\amsthm.sty
Package: amsthm 2020/05/29 v2.20.6
\thm@style=\toks26
\thm@bodyfont=\toks27
\thm@headfont=\toks28
\thm@notefont=\toks29
\thm@headpunct=\toks30
\thm@preskip=\skip72
\thm@postskip=\skip73
\thm@headsep=\skip74
\dth@everypar=\toks31
) (C:\Users\clauw\AppData\Local\Programs\MiKTeX\tex/latex/amsfonts\amsfonts.sty
Package: amsfonts 2013/01/14 v3.01 Basic AMSFonts support
\symAMSa=\mathgroup4
\symAMSb=\mathgroup5
LaTeX Font Info:    Redeclaring math symbol \hbar on input line 98.
LaTeX Font Info:    Overwriting math alphabet `\mathfrak' in version `bold'
(Font)                  U/euf/m/n --> U/euf/b/n on input line 106.
) (C:\Users\clauw\AppData\Local\Programs\MiKTeX\tex/latex/booktabs\booktabs.sty
Package: booktabs 2020/01/12 v1.61803398 Publication quality tables
\heavyrulewidth=\dimen169
\lightrulewidth=\dimen170
\cmidrulewidth=\dimen171
\belowrulesep=\dimen172
\belowbottomsep=\dimen173
\aboverulesep=\dimen174
\abovetopsep=\dimen175
\cmidrulesep=\dimen176
\cmidrulekern=\dimen177
\defaultaddspace=\dimen178
\@cmidla=\count335
\@cmidlb=\count336
\@aboverulesep=\dimen179
\@belowrulesep=\dimen180
\@thisruleclass=\count337
\@lastruleclass=\count338
\@thisrulewidth=\dimen181
) (C:\Users\clauw\AppData\Local\Programs\MiKTeX\tex/latex/amsfonts\amssymb.sty
Package: amssymb 2013/01/14 v3.01 AMS font symbols
) (C:\Users\clauw\AppData\Local\Programs\MiKTeX\tex/latex/graphics\graphicx.sty
Package: graphicx 2024/12/31 v1.2e Enhanced LaTeX Graphics (DPC,SPQR)
 (C:\Users\clauw\AppData\Local\Programs\MiKTeX\tex/latex/graphics\graphics.sty
Package: graphics 2024/08/06 v1.4g Standard LaTeX Graphics (DPC,SPQR)
 (C:\Users\clauw\AppData\Local\Programs\MiKTeX\tex/latex/graphics\trig.sty
Package: trig 2023/12/02 v1.11 sin cos tan (DPC)
) (C:\Users\clauw\AppData\Local\Programs\MiKTeX\tex/latex/graphics-cfg\graphics.cfg
File: graphics.cfg 2016/06/04 v1.11 sample graphics configuration
)
Package graphics Info: Driver file: pdftex.def on input line 106.
 (C:\Users\clauw\AppData\Local\Programs\MiKTeX\tex/latex/graphics-def\pdftex.def
File: pdftex.def 2024/04/13 v1.2c Graphics/color driver for pdftex
))
\Gin@req@height=\dimen182
\Gin@req@width=\dimen183
) (C:\Users\clauw\AppData\Local\Programs\MiKTeX\tex/latex/float\float.sty
Package: float 2001/11/08 v1.3d Float enhancements (AL)
\c@float@type=\count339
\float@exts=\toks32
\float@box=\box101
\@float@everytoks=\toks33
\@floatcapt=\box102
) (C:\Users\clauw\AppData\Local\Programs\MiKTeX\tex/latex/caption\subcaption.sty
Package: subcaption 2023/07/28 v1.6b Sub-captions (AR)
 (C:\Users\clauw\AppData\Local\Programs\MiKTeX\tex/latex/caption\caption.sty
Package: caption 2023/08/05 v3.6o Customizing captions (AR)
 (C:\Users\clauw\AppData\Local\Programs\MiKTeX\tex/latex/caption\caption3.sty
Package: caption3 2023/07/31 v2.4d caption3 kernel (AR)
\caption@tempdima=\dimen184
\captionmargin=\dimen185
\caption@leftmargin=\dimen186
\caption@rightmargin=\dimen187
\caption@width=\dimen188
\caption@indent=\dimen189
\caption@parindent=\dimen190
\caption@hangindent=\dimen191
Package caption Info: Standard document class detected.
)
\c@caption@flags=\count340
\c@continuedfloat=\count341
Package caption Info: float package is loaded.
)
Package caption Info: New subtype `subfigure' on input line 238.
\c@subfigure=\count342
Package caption Info: New subtype `subtable' on input line 238.
\c@subtable=\count343
) (C:\Users\clauw\AppData\Local\Programs\MiKTeX\tex/latex/wrapfig\wrapfig.sty
\wrapoverhang=\dimen192
\WF@size=\dimen193
\c@WF@wrappedlines=\count344
\WF@box=\box103
\WF@everypar=\toks34
Package: wrapfig 2003/01/31  v 3.6
) (C:\Users\clauw\AppData\Local\Programs\MiKTeX\tex/latex/ragged2e\ragged2e.sty
Package: ragged2e 2023/06/22 v3.6 ragged2e Package
\CenteringLeftskip=\skip75
\RaggedLeftLeftskip=\skip76
\RaggedRightLeftskip=\skip77
\CenteringRightskip=\skip78
\RaggedLeftRightskip=\skip79
\RaggedRightRightskip=\skip80
\CenteringParfillskip=\skip81
\RaggedLeftParfillskip=\skip82
\RaggedRightParfillskip=\skip83
\JustifyingParfillskip=\skip84
\CenteringParindent=\skip85
\RaggedLeftParindent=\skip86
\RaggedRightParindent=\skip87
\JustifyingParindent=\skip88
) (C:\Users\clauw\AppData\Local\Programs\MiKTeX\tex/latex/cancel\cancel.sty
Package: cancel 2013/04/12 v2.2 Cancel math terms
) (C:\Users\clauw\AppData\Local\Programs\MiKTeX\tex/latex/epigraph\epigraph.sty
Package: epigraph 2020/01/02 v1.5e typesetting epigraphs
 (C:\Users\clauw\AppData\Local\Programs\MiKTeX\tex/latex/nextpage\nextpage.sty
Package: nextpage 2009/09/03 v1.1a additional page commands
)
\beforeepigraphskip=\skip89
\afterepigraphskip=\skip90
\epigraphwidth=\skip91
\epigraphrule=\skip92
) (C:\Users\clauw\AppData\Local\Programs\MiKTeX\tex/latex/wasysym\wasysym.sty
Package: wasysym 2020/01/19 v2.4 Wasy-2 symbol support package
\symwasy=\mathgroup6
LaTeX Font Info:    Overwriting symbol font `wasy' in version `bold'
(Font)                  U/wasy/m/n --> U/wasy/b/n on input line 93.
) (C:\Users\clauw\AppData\Local\Programs\MiKTeX\tex/latex/stix\stix.sty
Package: stix 2018/04/17 v1.1.3-latex STIX fonts support package
 (C:\Users\clauw\AppData\Local\Programs\MiKTeX\tex/latex/base\textcomp.sty
Package: textcomp 2024/04/24 v2.1b Standard LaTeX package
LaTeX Font Info:    Changing ? sub-encoding to TS1/0 on input line 75.
)
LaTeX Encoding Info:    Text command \textpertenthousand (encoding T1) is not declared on input line 51.
LaTeX Encoding Info:    Redeclaring text command \textpertenthousand (encoding ?) on input line 52.
Now handling font encoding LS1 ...
... no UTF-8 mapping file for font encoding LS1
Now handling font encoding LS2 ...
... no UTF-8 mapping file for font encoding LS2
LaTeX Font Info:    Redeclaring symbol font `letters' on input line 76.
LaTeX Font Info:    Encoding `OML' has changed to `LS1' for symbol font
(Font)              `letters' in the math version `normal' on input line 76.
LaTeX Font Info:    Overwriting symbol font `letters' in version `normal'
(Font)                  OML/cmm/m/it --> LS1/stix/m/it on input line 76.
LaTeX Font Info:    Encoding `OML' has changed to `LS1' for symbol font
(Font)              `letters' in the math version `bold' on input line 76.
LaTeX Font Info:    Overwriting symbol font `letters' in version `bold'
(Font)                  OML/cmm/b/it --> LS1/stix/m/it on input line 76.
LaTeX Font Info:    Redeclaring symbol font `operators' on input line 77.
LaTeX Font Info:    Encoding `OT1' has changed to `LS1' for symbol font
(Font)              `operators' in the math version `normal' on input line 77.
LaTeX Font Info:    Overwriting symbol font `operators' in version `normal'
(Font)                  OT1/cmr/m/n --> LS1/stix/m/n on input line 77.
LaTeX Font Info:    Encoding `OT1' has changed to `LS1' for symbol font
(Font)              `operators' in the math version `bold' on input line 77.
LaTeX Font Info:    Overwriting symbol font `operators' in version `bold'
(Font)                  OT1/cmr/bx/n --> LS1/stix/m/n on input line 77.
\symbold-operators=\mathgroup7
LaTeX Font Info:    Redeclaring symbol font `symbols' on input line 79.
LaTeX Font Info:    Encoding `OMS' has changed to `LS1' for symbol font
(Font)              `symbols' in the math version `normal' on input line 79.
LaTeX Font Info:    Overwriting symbol font `symbols' in version `normal'
(Font)                  OMS/cmsy/m/n --> LS1/stixscr/m/n on input line 79.
LaTeX Font Info:    Encoding `OMS' has changed to `LS1' for symbol font
(Font)              `symbols' in the math version `bold' on input line 79.
LaTeX Font Info:    Overwriting symbol font `symbols' in version `bold'
(Font)                  OMS/cmsy/b/n --> LS1/stixscr/m/n on input line 79.
\symsymbols2=\mathgroup8
\symsymbols3=\mathgroup9
\symsymbols4=\mathgroup10
\symintegrals=\mathgroup11
LaTeX Font Info:    Redeclaring symbol font `largesymbols' on input line 84.
LaTeX Font Info:    Encoding `OMX' has changed to `LS2' for symbol font
(Font)              `largesymbols' in the math version `normal' on input line 84.
LaTeX Font Info:    Overwriting symbol font `largesymbols' in version `normal'
(Font)                  OMX/cmex/m/n --> LS2/stixex/m/n on input line 84.
LaTeX Font Info:    Encoding `OMX' has changed to `LS2' for symbol font
(Font)              `largesymbols' in the math version `bold' on input line 84.
LaTeX Font Info:    Overwriting symbol font `largesymbols' in version `bold'
(Font)                  OMX/cmex/m/n --> LS2/stixex/m/n on input line 84.
\symarrows1=\mathgroup12
\symarrows2=\mathgroup13
\symarrows3=\mathgroup14
LaTeX Font Info:    Overwriting symbol font `letters' in version `bold'
(Font)                  LS1/stix/m/it --> LS1/stix/b/it on input line 88.
LaTeX Font Info:    Overwriting symbol font `operators' in version `bold'
(Font)                  LS1/stix/m/n --> LS1/stix/b/n on input line 89.
LaTeX Font Info:    Overwriting symbol font `symbols' in version `bold'
(Font)                  LS1/stixscr/m/n --> LS1/stixscr/b/n on input line 90.
LaTeX Font Info:    Overwriting symbol font `symbols2' in version `bold'
(Font)                  LS1/stixfrak/m/n --> LS1/stixfrak/b/n on input line 91.
LaTeX Font Info:    Overwriting symbol font `symbols3' in version `bold'
(Font)                  LS1/stixbb/m/n --> LS1/stixbb/b/n on input line 92.
LaTeX Font Info:    Overwriting symbol font `symbols4' in version `bold'
(Font)                  LS1/stixbb/m/it --> LS1/stixbb/b/it on input line 93.
LaTeX Font Info:    Overwriting symbol font `integrals' in version `bold'
(Font)                  LS2/stixcal/m/n --> LS2/stixcal/b/n on input line 94.
LaTeX Font Info:    Overwriting symbol font `largesymbols' in version `bold'
(Font)                  LS2/stixex/m/n --> LS2/stixex/b/n on input line 95.
LaTeX Font Info:    Overwriting symbol font `arrows1' in version `bold'
(Font)                  LS1/stixsf/m/n --> LS1/stixsf/b/n on input line 96.
LaTeX Font Info:    Overwriting symbol font `arrows2' in version `bold'
(Font)                  LS1/stixsf/m/it --> LS1/stixsf/b/it on input line 97.
LaTeX Font Info:    Overwriting symbol font `arrows3' in version `bold'
(Font)                  LS2/stixtt/m/n --> LS2/stixtt/b/n on input line 98.
LaTeX Font Info:    Redeclaring math alphabet \mathit on input line 99.
LaTeX Font Info:    Redeclaring math alphabet \mathfrak on input line 102.
LaTeX Font Info:    Redeclaring math alphabet \mathsf on input line 106.
LaTeX Font Info:    Redeclaring math alphabet \mathtt on input line 108.
LaTeX Font Info:    Redeclaring math alphabet \mathbf on input line 109.
LaTeX Info: Redefining \yen on input line 456.
LaTeX Info: Redefining \circledR on input line 458.
LaTeX Info: Redefining \checkmark on input line 460.
LaTeX Info: Redefining \maltese on input line 461.
LaTeX Font Info:    Redeclaring math accent \grave on input line 698.
LaTeX Font Info:    Redeclaring math accent \acute on input line 699.
LaTeX Font Info:    Redeclaring math accent \hat on input line 700.
LaTeX Font Info:    Redeclaring math accent \tilde on input line 701.
LaTeX Font Info:    Redeclaring math accent \bar on input line 702.
LaTeX Font Info:    Redeclaring math accent \breve on input line 703.
LaTeX Font Info:    Redeclaring math accent \dot on input line 704.
LaTeX Font Info:    Redeclaring math accent \ddot on input line 705.
LaTeX Font Info:    Redeclaring math accent \mathring on input line 707.
LaTeX Font Info:    Redeclaring math accent \check on input line 708.
LaTeX Font Info:    Redeclaring math accent \vec on input line 716.
LaTeX Font Info:    Redeclaring math accent \widehat on input line 728.
LaTeX Font Info:    Redeclaring math accent \widetilde on input line 729.
LaTeX Info: Redefining \vdots on input line 1518.
LaTeX Info: Redefining \cdots on input line 1522.
LaTeX Font Info:    Redeclaring math symbol \mathsterling on input line 1978.
LaTeX Info: Redefining \not on input line 2144.
) (C:\Users\clauw\AppData\Local\Programs\MiKTeX\tex/latex/siunitx\siunitx.sty
Package: siunitx 2025-07-09 v3.4.14 A comprehensive (SI) units package
\l__siunitx_number_uncert_offset_int=\count345
\l__siunitx_number_exponent_fixed_int=\count346
\l__siunitx_number_min_decimal_int=\count347
\l__siunitx_number_min_integer_int=\count348
\l__siunitx_number_round_precision_int=\count349
\l__siunitx_number_lower_threshold_int=\count350
\l__siunitx_number_upper_threshold_int=\count351
\l__siunitx_number_group_first_int=\count352
\l__siunitx_number_group_size_int=\count353
\l__siunitx_number_group_minimum_int=\count354
\l__siunitx_angle_tmp_dim=\dimen194
\l__siunitx_angle_marker_box=\box104
\l__siunitx_angle_unit_box=\box105
\l__siunitx_compound_count_int=\count355
 (C:\Users\clauw\AppData\Local\Programs\MiKTeX\tex/latex/translations\translations.sty
Package: translations 2022/02/05 v1.12 internationalization of LaTeX2e packages (CN)
 (C:\Users\clauw\AppData\Local\Programs\MiKTeX\tex/generic/pdftexcmds\pdftexcmds.sty
Package: pdftexcmds 2020-06-27 v0.33 Utility functions of pdfTeX for LuaTeX (HO)
 (C:\Users\clauw\AppData\Local\Programs\MiKTeX\tex/generic/infwarerr\infwarerr.sty
Package: infwarerr 2019/12/03 v1.5 Providing info/warning/error messages (HO)
) (C:\Users\clauw\AppData\Local\Programs\MiKTeX\tex/generic/iftex\iftex.sty
Package: iftex 2024/12/12 v1.0g TeX engine tests
) (C:\Users\clauw\AppData\Local\Programs\MiKTeX\tex/generic/ltxcmds\ltxcmds.sty
Package: ltxcmds 2023-12-04 v1.26 LaTeX kernel commands for general use (HO)
)
Package pdftexcmds Info: \pdf@primitive is available.
Package pdftexcmds Info: \pdf@ifprimitive is available.
Package pdftexcmds Info: \pdfdraftmode found.
))
\l__siunitx_table_tmp_box=\box106
\l__siunitx_table_tmp_dim=\dimen195
\l__siunitx_table_column_width_dim=\dimen196
\l__siunitx_table_integer_box=\box107
\l__siunitx_table_decimal_box=\box108
\l__siunitx_table_uncert_box=\box109
\l__siunitx_table_before_box=\box110
\l__siunitx_table_after_box=\box111
\l__siunitx_table_before_dim=\dimen197
\l__siunitx_table_carry_dim=\dimen198
\l__siunitx_unit_tmp_int=\count356
\l__siunitx_unit_position_int=\count357
\l__siunitx_unit_total_int=\count358
 (C:\Users\clauw\AppData\Local\Programs\MiKTeX\tex/latex/tools\array.sty
Package: array 2025/06/08 v2.6j Tabular extension package (FMi)
\col@sep=\dimen199
\ar@mcellbox=\box112
\extrarowheight=\dimen256
\NC@list=\toks35
\extratabsurround=\skip93
\backup@length=\skip94
\ar@cellbox=\box113
)) (C:\Users\clauw\AppData\Local\Programs\MiKTeX\tex/latex/listings\listings.sty
\lst@mode=\count359
\lst@gtempboxa=\box114
\lst@token=\toks36
\lst@length=\count360
\lst@currlwidth=\dimen257
\lst@column=\count361
\lst@pos=\count362
\lst@lostspace=\dimen258
\lst@width=\dimen259
\lst@newlines=\count363
\lst@lineno=\count364
\lst@maxwidth=\dimen260
 (C:\Users\clauw\AppData\Local\Programs\MiKTeX\tex/latex/listings\lstpatch.sty
File: lstpatch.sty 2024/09/23 1.10c (Carsten Heinz)
) (C:\Users\clauw\AppData\Local\Programs\MiKTeX\tex/latex/listings\lstmisc.sty
File: lstmisc.sty 2024/09/23 1.10c (Carsten Heinz)
\c@lstnumber=\count365
\lst@skipnumbers=\count366
\lst@framebox=\box115
) (C:\Users\clauw\AppData\Local\Programs\MiKTeX\tex/latex/listings\listings.cfg
File: listings.cfg 2024/09/23 1.10c listings configuration
))
Package: listings 2024/09/23 1.10c (Carsten Heinz)
 (C:\Users\clauw\AppData\Local\Programs\MiKTeX\tex/latex/titlesec\titlesec.sty
Package: titlesec 2025/01/04 v2.17 Sectioning titles
\ttl@box=\box116
\beforetitleunit=\skip95
\aftertitleunit=\skip96
\ttl@plus=\dimen261
\ttl@minus=\dimen262
\ttl@toksa=\toks37
\titlewidth=\dimen263
\titlewidthlast=\dimen264
\titlewidthfirst=\dimen265
) (C:\Users\clauw\AppData\Local\Programs\MiKTeX\tex/latex/tools\afterpage.sty
Package: afterpage 2023/07/04 v1.08 After-Page Package (DPC)
\AP@output=\toks38
\AP@partial=\box117
\AP@footins=\box118
) (C:\Users\clauw\AppData\Local\Programs\MiKTeX\tex/latex/graphics\lscape.sty
Package: lscape 2020/05/28 v3.02 Landscape Pages (DPC)
) (C:\Users\clauw\AppData\Local\Programs\MiKTeX\tex/latex/psfrag\psfrag.sty
Package: psfrag 1998/04/11 v3.04 PSfrag (MCG)
\pfg@pcount=\count367
\pfg@scount=\count368
\pfg@temp=\write3
) (C:\Users\clauw\AppData\Local\Programs\MiKTeX\tex/latex/appendix\appendix.sty
Package: appendix 2020/02/08 v1.2c extra appendix facilities
\c@@pps=\count369
\c@@ppsavesec=\count370
\c@@ppsaveapp=\count371
) (C:\Users\clauw\AppData\Local\Programs\MiKTeX\tex/latex/tools\indentfirst.sty
Package: indentfirst 2023/07/02 v1.03 Indent first paragraph (DPC)
) (C:\Users\clauw\AppData\Local\Programs\MiKTeX\tex/latex/xcolor\xcolor.sty
Package: xcolor 2024/09/29 v3.02 LaTeX color extensions (UK)
 (C:\Users\clauw\AppData\Local\Programs\MiKTeX\tex/latex/graphics-cfg\color.cfg
File: color.cfg 2016/01/02 v1.6 sample color configuration
)
Package xcolor Info: Driver file: pdftex.def on input line 274.
 (C:\Users\clauw\AppData\Local\Programs\MiKTeX\tex/latex/graphics\mathcolor.ltx)
Package xcolor Info: Model `cmy' substituted by `cmy0' on input line 1349.
Package xcolor Info: Model `hsb' substituted by `rgb' on input line 1353.
Package xcolor Info: Model `RGB' extended on input line 1365.
Package xcolor Info: Model `HTML' substituted by `rgb' on input line 1367.
Package xcolor Info: Model `Hsb' substituted by `hsb' on input line 1368.
Package xcolor Info: Model `tHsb' substituted by `hsb' on input line 1369.
Package xcolor Info: Model `HSB' substituted by `hsb' on input line 1370.
Package xcolor Info: Model `Gray' substituted by `gray' on input line 1371.
Package xcolor Info: Model `wave' substituted by `hsb' on input line 1372.
) (C:\Users\clauw\AppData\Local\Programs\MiKTeX\tex/latex/hyperref\hyperref.sty
Package: hyperref 2025-07-12 v7.01o Hypertext links for LaTeX
 (C:\Users\clauw\AppData\Local\Programs\MiKTeX\tex/latex/kvsetkeys\kvsetkeys.sty
Package: kvsetkeys 2022-10-05 v1.19 Key value parser (HO)
) (C:\Users\clauw\AppData\Local\Programs\MiKTeX\tex/generic/kvdefinekeys\kvdefinekeys.sty
Package: kvdefinekeys 2019-12-19 v1.6 Define keys (HO)
) (C:\Users\clauw\AppData\Local\Programs\MiKTeX\tex/generic/pdfescape\pdfescape.sty
Package: pdfescape 2019/12/09 v1.15 Implements pdfTeX's escape features (HO)
) (C:\Users\clauw\AppData\Local\Programs\MiKTeX\tex/latex/hycolor\hycolor.sty
Package: hycolor 2020-01-27 v1.10 Color options for hyperref/bookmark (HO)
) (C:\Users\clauw\AppData\Local\Programs\MiKTeX\tex/latex/hyperref\nameref.sty
Package: nameref 2025-06-21 v2.57 Cross-referencing by name of section
 (C:\Users\clauw\AppData\Local\Programs\MiKTeX\tex/latex/refcount\refcount.sty
Package: refcount 2019/12/15 v3.6 Data extraction from label references (HO)
) (C:\Users\clauw\AppData\Local\Programs\MiKTeX\tex/generic/gettitlestring\gettitlestring.sty
Package: gettitlestring 2019/12/15 v1.6 Cleanup title references (HO)
 (C:\Users\clauw\AppData\Local\Programs\MiKTeX\tex/latex/kvoptions\kvoptions.sty
Package: kvoptions 2022-06-15 v3.15 Key value format for package options (HO)
))
\c@section@level=\count372
) (C:\Users\clauw\AppData\Local\Programs\MiKTeX\tex/generic/stringenc\stringenc.sty
Package: stringenc 2019/11/29 v1.12 Convert strings between diff. encodings (HO)
)
\@linkdim=\dimen266
\Hy@linkcounter=\count373
\Hy@pagecounter=\count374
 (C:\Users\clauw\AppData\Local\Programs\MiKTeX\tex/latex/hyperref\pd1enc.def
File: pd1enc.def 2025-07-12 v7.01o Hyperref: PDFDocEncoding definition (HO)
Now handling font encoding PD1 ...
... no UTF-8 mapping file for font encoding PD1
) (C:\Users\clauw\AppData\Local\Programs\MiKTeX\tex/generic/intcalc\intcalc.sty
Package: intcalc 2019/12/15 v1.3 Expandable calculations with integers (HO)
)
\Hy@SavedSpaceFactor=\count375
 (C:\Users\clauw\AppData\Local\Programs\MiKTeX\tex/latex/hyperref\puenc.def
File: puenc.def 2025-07-12 v7.01o Hyperref: PDF Unicode definition (HO)
Now handling font encoding PU ...
... no UTF-8 mapping file for font encoding PU
 (C:\Users\clauw\AppData\Local\Programs\MiKTeX\tex/latex/greek-fontenc\puenc-greek.def
File: puenc-greek.def 2023-09-12 2.5 Greek LICRs for PDF strings
 (C:\Users\clauw\AppData\Local\Programs\MiKTeX\tex/latex/greek-fontenc\greek-fontenc.def
File: greek-fontenc.def 2023-09-12 2.5 Common Greek font encoding definitions
)
LaTeX Encoding Info:    Redeclaring text command \textmu (encoding PU) on input line 179.
)
LaTeX Encoding Info:    Redeclaring text command \textohm (encoding PU) on input line 1176.
)
Package hyperref Info: Option `bookmarks' set `true' on input line 4066.
Package hyperref Info: Option `bookmarksnumbered' set `true' on input line 4066.
Package hyperref Info: Option `colorlinks' set `true' on input line 4066.
Package hyperref Info: Hyper figures OFF on input line 4195.
Package hyperref Info: Link nesting OFF on input line 4200.
Package hyperref Info: Hyper index ON on input line 4203.
Package hyperref Info: Plain pages OFF on input line 4210.
Package hyperref Info: Backreferencing OFF on input line 4215.
Package hyperref Info: Implicit mode ON; LaTeX internals redefined.
Package hyperref Info: Bookmarks ON on input line 4462.
\c@Hy@tempcnt=\count376
 (C:\Users\clauw\AppData\Local\Programs\MiKTeX\tex/latex/url\url.sty
\Urlmuskip=\muskip18
Package: url 2013/09/16  ver 3.4  Verb mode for urls, etc.
)
LaTeX Info: Redefining \url on input line 4801.
\XeTeXLinkMargin=\dimen267
 (C:\Users\clauw\AppData\Local\Programs\MiKTeX\tex/generic/bitset\bitset.sty
Package: bitset 2019/12/09 v1.3 Handle bit-vector datatype (HO)
 (C:\Users\clauw\AppData\Local\Programs\MiKTeX\tex/generic/bigintcalc\bigintcalc.sty
Package: bigintcalc 2019/12/15 v1.5 Expandable calculations on big integers (HO)
))
\Fld@menulength=\count377
\Field@Width=\dimen268
\Fld@charsize=\dimen269
Package hyperref Info: Hyper figures OFF on input line 6078.
Package hyperref Info: Link nesting OFF on input line 6083.
Package hyperref Info: Hyper index ON on input line 6086.
Package hyperref Info: backreferencing OFF on input line 6093.
Package hyperref Info: Link coloring ON on input line 6096.
Package hyperref Info: Link coloring with OCG OFF on input line 6103.
Package hyperref Info: PDF/A mode OFF on input line 6108.
\Hy@abspage=\count378
\c@Item=\count379
\c@Hfootnote=\count380
)
Package hyperref Info: Driver (autodetected): hpdftex.
 (C:\Users\clauw\AppData\Local\Programs\MiKTeX\tex/latex/hyperref\hpdftex.def
File: hpdftex.def 2025-07-12 v7.01o Hyperref driver for pdfTeX
\Fld@listcount=\count381
\c@bookmark@seq@number=\count382
 (C:\Users\clauw\AppData\Local\Programs\MiKTeX\tex/latex/rerunfilecheck\rerunfilecheck.sty
Package: rerunfilecheck 2025-06-21 v1.11 Rerun checks for auxiliary files (HO)
 (C:\Users\clauw\AppData\Local\Programs\MiKTeX\tex/generic/uniquecounter\uniquecounter.sty
Package: uniquecounter 2019/12/15 v1.4 Provide unlimited unique counter (HO)
)
Package uniquecounter Info: New unique counter `rerunfilecheck' on input line 284.
)
\Hy@SectionHShift=\skip97
) (C:\Users\clauw\AppData\Local\Programs\MiKTeX\tex/latex/listings\lstlang1.sty
File: lstlang1.sty 2024/09/23 1.10c listings language file
))
Package csquotes Info: Checking for multilingual support...
Package csquotes Info: ... found 'babel' package.
Package csquotes Info: Adjusting default style.
Package csquotes Info: Redefining alias 'default' -> 'english'.
LaTeX Font Info:    Trying to load font information for T1+stix on input line 7.
 (C:\Users\clauw\AppData\Local\Programs\MiKTeX\tex/latex/stix\t1stix.fd
File: t1stix.fd 2015/04/17 v1.1.2-latex STIX T1 font definitions
) (C:\Users\clauw\AppData\Local\Programs\MiKTeX\tex/latex/l3backend\l3backend-pdftex.def
File: l3backend-pdftex.def 2025-06-09 L3 backend support: PDF output (pdfTeX)
\l__color_backend_stack_int=\count383
) (Chapter_0.aux)
\openout1 = `Chapter_0.aux'.

LaTeX Font Info:    Checking defaults for OML/cmm/m/it on input line 7.
LaTeX Font Info:    ... okay on input line 7.
LaTeX Font Info:    Checking defaults for OMS/cmsy/m/n on input line 7.
LaTeX Font Info:    ... okay on input line 7.
LaTeX Font Info:    Checking defaults for OT1/cmr/m/n on input line 7.
LaTeX Font Info:    ... okay on input line 7.
LaTeX Font Info:    Checking defaults for T1/cmr/m/n on input line 7.
LaTeX Font Info:    ... okay on input line 7.
LaTeX Font Info:    Checking defaults for TS1/cmr/m/n on input line 7.
LaTeX Font Info:    ... okay on input line 7.
LaTeX Font Info:    Checking defaults for OMX/cmex/m/n on input line 7.
LaTeX Font Info:    ... okay on input line 7.
LaTeX Font Info:    Checking defaults for U/cmr/m/n on input line 7.
LaTeX Font Info:    ... okay on input line 7.
LaTeX Font Info:    Checking defaults for LGR/cmr/m/n on input line 7.
LaTeX Font Info:    Trying to load font information for LGR+cmr on input line 7.
 (C:\Users\clauw\AppData\Local\Programs\MiKTeX\tex/latex/cbfonts-fd\lgrcmr.fd
File: lgrcmr.fd 2017/07/29 v1.2 Greek European Computer Regular
)
LaTeX Font Info:    ... okay on input line 7.
LaTeX Font Info:    Checking defaults for LS1/stix/m/n on input line 7.
LaTeX Font Info:    Trying to load font information for LS1+stix on input line 7.
 (C:\Users\clauw\AppData\Local\Programs\MiKTeX\tex/latex/stix\ls1stix.fd
File: ls1stix.fd 2015/04/17 v1.1.2-latex STIX LS1 font definitions
)
LaTeX Font Info:    ... okay on input line 7.
LaTeX Font Info:    Checking defaults for LS2/stix/m/n on input line 7.
LaTeX Font Info:    Trying to load font information for LS2+stix on input line 7.
 (C:\Users\clauw\AppData\Local\Programs\MiKTeX\tex/latex/stix\ls2stix.fd
File: ls2stix.fd 2015/04/17 v1.1.2-latex STIX LS2 font definitions
)
LaTeX Font Info:    ... okay on input line 7.
LaTeX Font Info:    Checking defaults for PD1/pdf/m/n on input line 7.
LaTeX Font Info:    ... okay on input line 7.
LaTeX Font Info:    Checking defaults for PU/pdf/m/n on input line 7.
LaTeX Font Info:    ... okay on input line 7.
LaTeX Info: Command `\dddot' is already robust on input line 7.
LaTeX Info: Command `\ddddot' is already robust on input line 7.
 (C:\Users\clauw\AppData\Local\Programs\MiKTeX\tex/context/base/mkii\supp-pdf.mkii
[Loading MPS to PDF converter (version 2006.09.02).]
\scratchcounter=\count384
\scratchdimen=\dimen270
\scratchbox=\box119
\nofMPsegments=\count385
\nofMParguments=\count386
\everyMPshowfont=\toks39
\MPscratchCnt=\count387
\MPscratchDim=\dimen271
\MPnumerator=\count388
\makeMPintoPDFobject=\count389
\everyMPtoPDFconversion=\toks40
) (C:\Users\clauw\AppData\Local\Programs\MiKTeX\tex/latex/epstopdf-pkg\epstopdf-base.sty
Package: epstopdf-base 2020-01-24 v2.11 Base part for package epstopdf
Package epstopdf-base Info: Redefining graphics rule for `.eps' on input line 485.
 (C:\Users\clauw\AppData\Local\Programs\MiKTeX\tex/latex/00miktex\epstopdf-sys.cfg
File: epstopdf-sys.cfg 2021/03/18 v2.0 Configuration of epstopdf for MiKTeX
))
Package caption Info: Begin \AtBeginDocument code.
Package caption Info: hyperref package is loaded.
Package caption Info: listings package is loaded.
Package caption Info: wrapfig package is loaded.
Package caption Info: End \AtBeginDocument code.
 (C:\Users\clauw\AppData\Local\Programs\MiKTeX\tex/latex/translations/dicts\translations-basic-dictionary-english.trsl
File: translations-basic-dictionary-english.trsl (english translation file `translations-basic-dictionary')
)
Package translations Info: loading dictionary `translations-basic-dictionary' for `english'. on input line 7.
\c@lstlisting=\count390
Package hyperref Info: Link coloring ON on input line 7.
 (Chapter_0.out) (Chapter_0.out)
\@outlinefile=\write4
\openout4 = `Chapter_0.out'.

<Universidad-de-los-Andes_logo.png, id=163, 385.44pt x 457.71pt>
File: Universidad-de-los-Andes_logo.png Graphic file (type png)
<use Universidad-de-los-Andes_logo.png>
Package pdftex.def Info: Universidad-de-los-Andes_logo.png  used on input line 11.
(pdftex.def)             Requested size: 69.16696pt x 82.13281pt.


[1
Non-PDF special ignored!
<special> header=psfrag.pro

{C:/Users/clauw/AppData/Local/MiKTeX/fonts/map/pdftex/pdftex.map}{C:/Users/clauw/AppData/Local/Programs/MiKTeX/fonts/enc/dvips/stix/stix-t1.enc} <./Universidad-de-los-Andes_logo.png>]
LaTeX Font Info:    Trying to load font information for LS1+stixscr on input line 35.
 (C:\Users\clauw\AppData\Local\Programs\MiKTeX\tex/latex/stix\ls1stixscr.fd
File: ls1stixscr.fd 2015/04/17 v1.1.2-latex STIX script LS1 font definitions
)
LaTeX Font Info:    Trying to load font information for LS2+stixex on input line 35.
 (C:\Users\clauw\AppData\Local\Programs\MiKTeX\tex/latex/stix\ls2stixex.fd
File: ls2stixex.fd 2015/04/17 v1.1.2-latex STIX extentions LS2 font definitions
)
LaTeX Font Info:    Trying to load font information for U+msa on input line 35.
 (C:\Users\clauw\AppData\Local\Programs\MiKTeX\tex/latex/amsfonts\umsa.fd
File: umsa.fd 2013/01/14 v3.01 AMS symbols A
)
LaTeX Font Info:    Trying to load font information for U+msb on input line 35.
 (C:\Users\clauw\AppData\Local\Programs\MiKTeX\tex/latex/amsfonts\umsb.fd
File: umsb.fd 2013/01/14 v3.01 AMS symbols B
)
LaTeX Font Info:    Trying to load font information for U+wasy on input line 35.
 (C:\Users\clauw\AppData\Local\Programs\MiKTeX\tex/latex/wasysym\uwasy.fd
File: uwasy.fd 2020/01/19 v2.4 Wasy-2 symbol font definitions
)
LaTeX Font Info:    Trying to load font information for LS1+stixfrak on input line 35.
 (C:\Users\clauw\AppData\Local\Programs\MiKTeX\tex/latex/stix\ls1stixfrak.fd
File: ls1stixfrak.fd 2015/04/17 v1.1.2-latex STIX fraktur LS1 font definitions
)
LaTeX Font Info:    Trying to load font information for LS1+stixbb on input line 35.
 (C:\Users\clauw\AppData\Local\Programs\MiKTeX\tex/latex/stix\ls1stixbb.fd
File: ls1stixbb.fd 2015/04/17 v1.1.2-latex STIX blackboard LS1 font definitions
)
LaTeX Font Info:    Trying to load font information for LS2+stixcal on input line 35.
 (C:\Users\clauw\AppData\Local\Programs\MiKTeX\tex/latex/stix\ls2stixcal.fd
File: ls2stixcal.fd 2015/04/17 v1.1.2-latex STIX calligraphic LS2 font definitions
)
LaTeX Font Info:    Trying to load font information for LS1+stixsf on input line 35.
 (C:\Users\clauw\AppData\Local\Programs\MiKTeX\tex/latex/stix\ls1stixsf.fd
File: ls1stixsf.fd 2015/04/17 v1.1.2-latex STIX sans-serif LS1 font definitions
)
LaTeX Font Info:    Trying to load font information for LS2+stixtt on input line 35.
 (C:\Users\clauw\AppData\Local\Programs\MiKTeX\tex/latex/stix\ls2stixtt.fd
File: ls2stixtt.fd 2015/04/17 v1.1.2-latex STIX typewriter LS2 font definitions
)


pdfTeX warning (ext4): destination with the same identifier (name{page.1}) has been already used, duplicate ignored
<to be read again> 
                   \relax 
l.47 \end{abstract}
                    [1]


pdfTeX warning (ext4): destination with the same identifier (name{page.1}) has been already used, duplicate ignored
<to be read again> 
                   \relax 
l.77 \end{abstract}
                    [1] (Chapter_0.toc


pdfTeX warning (ext4): destination with the same identifier (name{page.1}) has been already used, duplicate ignored
<to be read again> 
                   \relax 
l.23 ...nd-free list of Fe I lines}{27}{chapter.3}
                                                  % [1

])
\tf@toc=\write5
\openout5 = `Chapter_0.toc'.



[2] (Chapter_0.lof

[3


]

[4]

[5]

[6])
\tf@lof=\write6
\openout6 = `Chapter_0.lof'.



[7]
Chapter 1.
(Chapter_1.tex

[8

]

[9]

[10])

[11]
Chapter 2.
(Chapter_2.tex

[12

]
<Images/Sun interior.jpg, id=485, 519.44063pt x 451.6875pt>
File: Images/Sun interior.jpg Graphic file (type jpg)
<use Images/Sun interior.jpg>
Package pdftex.def Info: Images/Sun interior.jpg  used on input line 26.
(pdftex.def)             Requested size: 221.34132pt x 192.47122pt.
<Images/Sun exterior.jpg, id=486, 674.52pt x 596.2275pt>
File: Images/Sun exterior.jpg Graphic file (type jpg)
<use Images/Sun exterior.jpg>
Package pdftex.def Info: Images/Sun exterior.jpg  used on input line 31.
(pdftex.def)             Requested size: 221.34132pt x 195.64577pt.


[13 <./Images/Sun interior.jpg> <./Images/Sun exterior.jpg>]
<Images/First take photosphere.jpg, id=497, 359.54324pt x 527.571pt>
File: Images/First take photosphere.jpg Graphic file (type jpg)
<use Images/First take photosphere.jpg>
Package pdftex.def Info: Images/First take photosphere.jpg  used on input line 53.
(pdftex.def)             Requested size: 207.50793pt x 304.48602pt.


[14 <./Images/First take photosphere.jpg>]
<Images/Parcel argument.jpg, id=509, 600.44325pt x 331.2375pt>
File: Images/Parcel argument.jpg Graphic file (type jpg)
<use Images/Parcel argument.jpg>
Package pdftex.def Info: Images/Parcel argument.jpg  used on input line 73.
(pdftex.def)             Requested size: 276.68193pt x 152.63391pt.


[15 <./Images/Parcel argument.jpg>]
<Images/Granulation pattern.jpg, id=521, 242.70676pt x 92.7465pt>
File: Images/Granulation pattern.jpg Graphic file (type jpg)
<use Images/Granulation pattern.jpg>
Package pdftex.def Info: Images/Granulation pattern.jpg  used on input line 111.
(pdftex.def)             Requested size: 276.68193pt x 105.73636pt.


[16]
<Images/Granules motion.jpg, id=534, 590.80725pt x 486.01575pt>
File: Images/Granules motion.jpg Graphic file (type jpg)
<use Images/Granules motion.jpg>
Package pdftex.def Info: Images/Granules motion.jpg  used on input line 121.
(pdftex.def)             Requested size: 253.62393pt x 208.64156pt.


[17 <./Images/Granulation pattern.jpg> <./Images/Granules motion.jpg>]
<Images/Model limb darkening.png, id=544, 545.78906pt x 428.35031pt>
File: Images/Model limb darkening.png Graphic file (type png)
<use Images/Model limb darkening.png>
Package pdftex.def Info: Images/Model limb darkening.png  used on input line 137.
(pdftex.def)             Requested size: 230.56593pt x 180.95168pt.
<Images/Limb darkening.jpg, id=550, 673.3155pt x 551.661pt>
File: Images/Limb darkening.jpg Graphic file (type jpg)
<use Images/Limb darkening.jpg>
Package pdftex.def Info: Images/Limb darkening.jpg  used on input line 155.
(pdftex.def)             Requested size: 276.68193pt x 226.68753pt.


[18 <./Images/Model limb darkening.png>]
<Images/C curved profile bisector.jpg, id=564, 955.1685pt x 486.618pt>
File: Images/C curved profile bisector.jpg Graphic file (type jpg)
<use Images/C curved profile bisector.jpg>
Package pdftex.def Info: Images/C curved profile bisector.jpg  used on input line 169.
(pdftex.def)             Requested size: 345.8489pt x 176.19217pt.


[19 <./Images/Limb darkening.jpg>]

[20 <./Images/C curved profile bisector.jpg>]

[21]

LaTeX Font Warning: Font shape `U/wasy/m/n' in size <7.5> not available
(Font)              size <7> substituted on input line 226.



[22]
Overfull \hbox (8.77538pt too wide) in paragraph at lines 258--258
|[]\T1/stix/b/n/14.4 Third sig-na-ture of con-vec-tion: Line depth-dependent wave-length shifts| 
 []

<Images/Granulation pattern Ellwarth.jpg, id=615, 855.195pt x 528.17325pt>
File: Images/Granulation pattern Ellwarth.jpg Graphic file (type jpg)
<use Images/Granulation pattern Ellwarth.jpg>
Package pdftex.def Info: Images/Granulation pattern Ellwarth.jpg  used on input line 266.
(pdftex.def)             Requested size: 299.7329pt x 185.11324pt.


[23]
Overfull \hbox (9.04002pt too wide) in paragraph at lines 276--277
[]\T1/stix/m/n/12 The mea-sured neg-a-tive red-shift re-sult-ing from con-vec-tive mo-tions is known as \T1/stix/m/it/12 con-vec-tive blueshifts\T1/stix/m/n/12 ,
 []



[24 <./Images/Granulation pattern Ellwarth.jpg>]
<Images/Standard curve gray.jpg, id=636, 615.4995pt x 533.5935pt>
File: Images/Standard curve gray.jpg Graphic file (type jpg)
<use Images/Standard curve gray.jpg>
Package pdftex.def Info: Images/Standard curve gray.jpg  used on input line 299.
(pdftex.def)             Requested size: 276.68193pt x 239.87059pt.


[25 <./Images/Standard curve gray.jpg>])

[26]
Chapter 3.
(Chapter_3.tex

[27

]
<Images/Results/Statistics/variance std VIS.pdf, id=661, 990.46239pt x 633.02936pt>
File: Images/Results/Statistics/variance std VIS.pdf Graphic file (type pdf)
<use Images/Results/Statistics/variance std VIS.pdf>
Package pdftex.def Info: Images/Results/Statistics/variance std VIS.pdf  used on input line 40.
(pdftex.def)             Requested size: 438.07387pt x 279.98265pt.
<Images/Results/Statistics/variance std NIR.pdf, id=662, 982.4009pt x 562.20476pt>
File: Images/Results/Statistics/variance std NIR.pdf Graphic file (type pdf)
<use Images/Results/Statistics/variance std NIR.pdf>
Package pdftex.def Info: Images/Results/Statistics/variance std NIR.pdf  used on input line 47.
(pdftex.def)             Requested size: 438.07387pt x 250.69933pt.


[28]
Overfull \vbox (4.12369pt too high) has occurred while \output is active []



[29 <./Images/Results/Statistics/variance std VIS.pdf> <./Images/Results/Statistics/variance std NIR.pdf>]
<Images/Results/Statistics/variance slopes VIS.pdf, id=789, 988.62912pt x 703.90915pt>
File: Images/Results/Statistics/variance slopes VIS.pdf Graphic file (type pdf)
<use Images/Results/Statistics/variance slopes VIS.pdf>
Package pdftex.def Info: Images/Results/Statistics/variance slopes VIS.pdf  used on input line 78.
(pdftex.def)             Requested size: 438.07387pt x 311.90135pt.
<Images/Results/Statistics/optimal window VIS.pdf, id=790, 989.24268pt x 349.73097pt>
File: Images/Results/Statistics/optimal window VIS.pdf Graphic file (type pdf)
<use Images/Results/Statistics/optimal window VIS.pdf>
Package pdftex.def Info: Images/Results/Statistics/optimal window VIS.pdf  used on input line 84.
(pdftex.def)             Requested size: 438.07387pt x 154.87468pt.


[30]
<Images/Results/Statistics/variance slopes NIR.pdf, id=795, 989.64432pt x 703.90915pt>
File: Images/Results/Statistics/variance slopes NIR.pdf Graphic file (type pdf)
<use Images/Results/Statistics/variance slopes NIR.pdf>
Package pdftex.def Info: Images/Results/Statistics/variance slopes NIR.pdf  used on input line 96.
(pdftex.def)             Requested size: 438.07387pt x 311.58987pt.
<Images/Results/Statistics/optimal window NIR.pdf, id=796, 989.24268pt x 349.73097pt>
File: Images/Results/Statistics/optimal window NIR.pdf Graphic file (type pdf)
<use Images/Results/Statistics/optimal window NIR.pdf>
Package pdftex.def Info: Images/Results/Statistics/optimal window NIR.pdf  used on input line 102.
(pdftex.def)             Requested size: 438.07387pt x 154.87468pt.


[31 <./Images/Results/Statistics/variance slopes VIS.pdf> <./Images/Results/Statistics/optimal window VIS.pdf>]
Overfull \hbox (13.64006pt too wide) in paragraph at lines 111--115
\T1/stix/m/n/12 and the cor-re-spond-ing wave-length un-cer-tain-ties $\LS1/stix/m/n/12 .^^A\LS1/stix/m/it/12 ^^U\LS1/stix/m/n/12 /$\T1/stix/m/n/12 . Where $\LS1/stix/m/it/12 A$ \T1/stix/m/n/12 de-notes lines with er-ror in wavenum-
 []



[32 <./Images/Results/Statistics/variance slopes NIR.pdf> <./Images/Results/Statistics/optimal window NIR.pdf>]

[33])

[34]
Chapter 4.
(Chapter_4.tex
<Images/Results/First signature/Curvature_VIS.pdf, id=1027, 823.90207pt x 482.36023pt>
File: Images/Results/First signature/Curvature_VIS.pdf Graphic file (type pdf)
<use Images/Results/First signature/Curvature_VIS.pdf>
Package pdftex.def Info: Images/Results/First signature/Curvature_VIS.pdf  used on input line 17.
(pdftex.def)             Requested size: 438.07387pt x 256.4814pt.
<Images/Results/First signature/Curvature_NIR.pdf, id=1028, 819.88707pt x 482.36023pt>
File: Images/Results/First signature/Curvature_NIR.pdf Graphic file (type pdf)
<use Images/Results/First signature/Curvature_NIR.pdf>
Package pdftex.def Info: Images/Results/First signature/Curvature_NIR.pdf  used on input line 22.
(pdftex.def)             Requested size: 438.07387pt x 257.73264pt.


[35

]
Overfull \vbox (6.70576pt too high) has occurred while \output is active []



[36 <./Images/Results/First signature/Curvature_VIS.pdf> <./Images/Results/First signature/Curvature_NIR.pdf>]
<Images/Results/First signature/Curvature_ALL.pdf, id=1138, 831.93207pt x 482.36023pt>
File: Images/Results/First signature/Curvature_ALL.pdf Graphic file (type pdf)
<use Images/Results/First signature/Curvature_ALL.pdf>
Package pdftex.def Info: Images/Results/First signature/Curvature_ALL.pdf  used on input line 36.
(pdftex.def)             Requested size: 461.13188pt x 267.37451pt.


[37 <./Images/Results/First signature/Curvature_ALL.pdf>]
<Images/Results/First signature/Curvature_Slope_VIS.pdf, id=1193, 823.90207pt x 501.10837pt>
File: Images/Results/First signature/Curvature_Slope_VIS.pdf Graphic file (type pdf)
<use Images/Results/First signature/Curvature_Slope_VIS.pdf>
Package pdftex.def Info: Images/Results/First signature/Curvature_Slope_VIS.pdf  used on input line 48.
(pdftex.def)             Requested size: 461.13188pt x 280.47348pt.
<Images/Results/First signature/Curvature_SPA.pdf, id=1196, 831.93207pt x 482.36023pt>
File: Images/Results/First signature/Curvature_SPA.pdf Graphic file (type pdf)
<use Images/Results/First signature/Curvature_SPA.pdf>
Package pdftex.def Info: Images/Results/First signature/Curvature_SPA.pdf  used on input line 59.
(pdftex.def)             Requested size: 461.13188pt x 267.37451pt.


[38 <./Images/Results/First signature/Curvature_Slope_VIS.pdf>]
<Images/Results/First signature/Curvature_Slope_SPA.pdf, id=1257, 823.90207pt x 501.10837pt>
File: Images/Results/First signature/Curvature_Slope_SPA.pdf Graphic file (type pdf)
<use Images/Results/First signature/Curvature_Slope_SPA.pdf>
Package pdftex.def Info: Images/Results/First signature/Curvature_Slope_SPA.pdf  used on input line 71.
(pdftex.def)             Requested size: 461.13188pt x 280.47348pt.


[39 <./Images/Results/First signature/Curvature_SPA.pdf>]

[40 <./Images/Results/First signature/Curvature_Slope_SPA.pdf>]
<Images/Results/Second signature/Bisector_VIS.pdf, id=1380, 820.24779pt x 482.36023pt>
File: Images/Results/Second signature/Bisector_VIS.pdf Graphic file (type pdf)
<use Images/Results/Second signature/Bisector_VIS.pdf>
Package pdftex.def Info: Images/Results/Second signature/Bisector_VIS.pdf  used on input line 102.
(pdftex.def)             Requested size: 438.07387pt x 257.62224pt.
<Images/Results/Second signature/Bisector_NIR.pdf, id=1381, 828.27779pt x 482.36023pt>
File: Images/Results/Second signature/Bisector_NIR.pdf Graphic file (type pdf)
<use Images/Results/Second signature/Bisector_NIR.pdf>
Package pdftex.def Info: Images/Results/Second signature/Bisector_NIR.pdf  used on input line 107.
(pdftex.def)             Requested size: 438.07387pt x 255.11977pt.


[41]
Overfull \vbox (7.93372pt too high) has occurred while \output is active []



[42 <./Images/Results/Second signature/Bisector_VIS.pdf> <./Images/Results/Second signature/Bisector_NIR.pdf>]
<Images/Results/Second signature/Bisector slope_VIS.pdf, id=1491, 832.29279pt x 482.36023pt>
File: Images/Results/Second signature/Bisector slope_VIS.pdf Graphic file (type pdf)
<use Images/Results/Second signature/Bisector slope_VIS.pdf>
Package pdftex.def Info: Images/Results/Second signature/Bisector slope_VIS.pdf  used on input line 116.
(pdftex.def)             Requested size: 438.07387pt x 253.89061pt.
<Images/Results/Second signature/Bisector slope_NIR.pdf, id=1492, 828.27779pt x 482.36023pt>
File: Images/Results/Second signature/Bisector slope_NIR.pdf Graphic file (type pdf)
<use Images/Results/Second signature/Bisector slope_NIR.pdf>
Package pdftex.def Info: Images/Results/Second signature/Bisector slope_NIR.pdf  used on input line 121.
(pdftex.def)             Requested size: 438.07387pt x 255.11977pt.


[43 <./Images/Results/Second signature/Bisector slope_VIS.pdf> <./Images/Results/Second signature/Bisector slope_NIR.pdf>]
<Images/Results/Second signature/Bisector_SPA.pdf, id=1612, 820.24779pt x 482.36023pt>
File: Images/Results/Second signature/Bisector_SPA.pdf Graphic file (type pdf)
<use Images/Results/Second signature/Bisector_SPA.pdf>
Package pdftex.def Info: Images/Results/Second signature/Bisector_SPA.pdf  used on input line 134.
(pdftex.def)             Requested size: 461.13188pt x 271.17975pt.
<Images/Results/Second signature/Bisector slope_SPA.pdf, id=1615, 840.32278pt x 482.36023pt>
File: Images/Results/Second signature/Bisector slope_SPA.pdf Graphic file (type pdf)
<use Images/Results/Second signature/Bisector slope_SPA.pdf>
Package pdftex.def Info: Images/Results/Second signature/Bisector slope_SPA.pdf  used on input line 145.
(pdftex.def)             Requested size: 415.01587pt x 238.22807pt.


[44 <./Images/Results/Second signature/Bisector_SPA.pdf>]
<Images/Results/Second signature/Velocity bins bisector plot_VIS.pdf, id=1672, 1183.68163pt x 706.50136pt>
File: Images/Results/Second signature/Velocity bins bisector plot_VIS.pdf Graphic file (type pdf)
<use Images/Results/Second signature/Velocity bins bisector plot_VIS.pdf>
Package pdftex.def Info: Images/Results/Second signature/Velocity bins bisector plot_VIS.pdf  used on input line 151.
(pdftex.def)             Requested size: 405.7983pt x 242.21242pt.


[45 <./Images/Results/Second signature/Bisector slope_SPA.pdf> <./Images/Results/Second signature/Velocity bins bisector plot_VIS.pdf>]
<Images/Results/Second signature/Velocity bins bisector VIS.pdf, id=1793, 991.34055pt x 845.55835pt>
File: Images/Results/Second signature/Velocity bins bisector VIS.pdf Graphic file (type pdf)
<use Images/Results/Second signature/Velocity bins bisector VIS.pdf>
Package pdftex.def Info: Images/Results/Second signature/Velocity bins bisector VIS.pdf  used on input line 160.
(pdftex.def)             Requested size: 415.01587pt x 353.9838pt.
<Images/Results/Second signature/Velocity bins bisector SPA.pdf, id=1795, 991.34055pt x 845.55835pt>
File: Images/Results/Second signature/Velocity bins bisector SPA.pdf Graphic file (type pdf)
<use Images/Results/Second signature/Velocity bins bisector SPA.pdf>
Package pdftex.def Info: Images/Results/Second signature/Velocity bins bisector SPA.pdf  used on input line 171.
(pdftex.def)             Requested size: 415.01587pt x 353.9838pt.


[46 <./Images/Results/Second signature/Velocity bins bisector VIS.pdf>]
Overfull \hbox (2.36049pt too wide) in paragraph at lines 176--176
|[]\T1/stix/b/n/17.28 The third sig-na-ture: Line depth-dependence of wave-length
 []

<Images/Results/Third signature/GranulationPattern_VIS.pdf, id=1856, 836.32347pt x 482.36023pt>
File: Images/Results/Third signature/GranulationPattern_VIS.pdf Graphic file (type pdf)
<use Images/Results/Third signature/GranulationPattern_VIS.pdf>
Package pdftex.def Info: Images/Results/Third signature/GranulationPattern_VIS.pdf  used on input line 186.
(pdftex.def)             Requested size: 461.13188pt x 265.96135pt.
<Images/Results/Third signature/GranulationPattern_NIR.pdf, id=1857, 844.35347pt x 482.36023pt>
File: Images/Results/Third signature/GranulationPattern_NIR.pdf Graphic file (type pdf)
<use Images/Results/Third signature/GranulationPattern_NIR.pdf>
Package pdftex.def Info: Images/Results/Third signature/GranulationPattern_NIR.pdf  used on input line 191.
(pdftex.def)             Requested size: 461.13188pt x 263.42944pt.


[47 <./Images/Results/Second signature/Velocity bins bisector SPA.pdf>]
Overfull \vbox (2.8325pt too high) has occurred while \output is active []



[48 <./Images/Results/Third signature/GranulationPattern_VIS.pdf> <./Images/Results/Third signature/GranulationPattern_NIR.pdf>]
<Images/Results/Third signature/Velocity bins VIS_plot.pdf, id=2035, 1180.70174pt x 678.67738pt>
File: Images/Results/Third signature/Velocity bins VIS_plot.pdf Graphic file (type pdf)
<use Images/Results/Third signature/Velocity bins VIS_plot.pdf>
Package pdftex.def Info: Images/Results/Third signature/Velocity bins VIS_plot.pdf  used on input line 209.
(pdftex.def)             Requested size: 461.13188pt x 265.05592pt.
<Images/Results/Third signature/Velocity bins NIR_plot.pdf, id=2036, 1253.24277pt x 678.67738pt>
File: Images/Results/Third signature/Velocity bins NIR_plot.pdf Graphic file (type pdf)
<use Images/Results/Third signature/Velocity bins NIR_plot.pdf>
Package pdftex.def Info: Images/Results/Third signature/Velocity bins NIR_plot.pdf  used on input line 215.
(pdftex.def)             Requested size: 461.13188pt x 249.71902pt.


[49 <./Images/Results/Third signature/Velocity bins VIS_plot.pdf>]
<Images/Results/Third signature/Velocity bins NIR J.pdf, id=2104, 998.97293pt x 562.25996pt>
File: Images/Results/Third signature/Velocity bins NIR J.pdf Graphic file (type pdf)
<use Images/Results/Third signature/Velocity bins NIR J.pdf>
Package pdftex.def Info: Images/Results/Third signature/Velocity bins NIR J.pdf  used on input line 226.
(pdftex.def)             Requested size: 461.13188pt x 259.53497pt.
<Images/Results/Third signature/Velocity bins NIR H.pdf, id=2105, 990.14221pt x 562.25996pt>
File: Images/Results/Third signature/Velocity bins NIR H.pdf Graphic file (type pdf)
<use Images/Results/Third signature/Velocity bins NIR H.pdf>
Package pdftex.def Info: Images/Results/Third signature/Velocity bins NIR H.pdf  used on input line 232.
(pdftex.def)             Requested size: 461.13188pt x 261.85999pt.


[50 <./Images/Results/Third signature/Velocity bins NIR_plot.pdf>]
<Images/Results/Third signature/Velocity bins VIS.pdf, id=2170, 982.6775pt x 1128.8568pt>
File: Images/Results/Third signature/Velocity bins VIS.pdf Graphic file (type pdf)
<use Images/Results/Third signature/Velocity bins VIS.pdf>
Package pdftex.def Info: Images/Results/Third signature/Velocity bins VIS.pdf  used on input line 242.
(pdftex.def)             Requested size: 461.13188pt x 529.73598pt.


[51 <./Images/Results/Third signature/Velocity bins NIR J.pdf> <./Images/Results/Third signature/Velocity bins NIR H.pdf>]

[52 <./Images/Results/Third signature/Velocity bins VIS.pdf>]
<Images/Results/Third signature/GranulationPattern_SPA.pdf, id=2356, 836.32347pt x 482.36023pt>
File: Images/Results/Third signature/GranulationPattern_SPA.pdf Graphic file (type pdf)
<use Images/Results/Third signature/GranulationPattern_SPA.pdf>
Package pdftex.def Info: Images/Results/Third signature/GranulationPattern_SPA.pdf  used on input line 252.
(pdftex.def)             Requested size: 391.9649pt x 226.06898pt.
<Images/Results/Third signature/Velocity bins SPA.pdf, id=2358, 990.71043pt x 1219.30139pt>
File: Images/Results/Third signature/Velocity bins SPA.pdf Graphic file (type pdf)
<use Images/Results/Third signature/Velocity bins SPA.pdf>
Package pdftex.def Info: Images/Results/Third signature/Velocity bins SPA.pdf  used on input line 260.
(pdftex.def)             Requested size: 461.13188pt x 567.52745pt.


[53 <./Images/Results/Third signature/GranulationPattern_SPA.pdf>]
<Images/Results/Third signature/velocity coeficients NIR.pdf, id=2417, 992.0444pt x 988.61656pt>
File: Images/Results/Third signature/velocity coeficients NIR.pdf Graphic file (type pdf)
<use Images/Results/Third signature/velocity coeficients NIR.pdf>
Package pdftex.def Info: Images/Results/Third signature/velocity coeficients NIR.pdf  used on input line 268.
(pdftex.def)             Requested size: 415.01587pt x 413.57185pt.


[54 <./Images/Results/Third signature/Velocity bins SPA.pdf>]
<Images/Results/Third signature/velocity coeficients VIS.pdf, id=2489, 983.99431pt x 705.31816pt>
File: Images/Results/Third signature/velocity coeficients VIS.pdf Graphic file (type pdf)
<use Images/Results/Third signature/velocity coeficients VIS.pdf>
Package pdftex.def Info: Images/Results/Third signature/velocity coeficients VIS.pdf  used on input line 275.
(pdftex.def)             Requested size: 368.9069pt x 264.42908pt.
<Images/Results/Third signature/velocity coeficients SPA.pdf, id=2490, 992.03436pt x 705.31816pt>
File: Images/Results/Third signature/velocity coeficients SPA.pdf Graphic file (type pdf)
<use Images/Results/Third signature/velocity coeficients SPA.pdf>
Package pdftex.def Info: Images/Results/Third signature/velocity coeficients SPA.pdf  used on input line 281.
(pdftex.def)             Requested size: 368.9069pt x 262.27663pt.


[55 <./Images/Results/Third signature/velocity coeficients NIR.pdf>]
Overfull \vbox (0.14742pt too high) has occurred while \output is active []



[56 <./Images/Results/Third signature/velocity coeficients VIS.pdf> <./Images/Results/Third signature/velocity coeficients SPA.pdf>]
<Images/Results/Third signature/Velocity lower potential_VIS.pdf, id=2684, 836.32347pt x 502.50421pt>
File: Images/Results/Third signature/Velocity lower potential_VIS.pdf Graphic file (type pdf)
<use Images/Results/Third signature/Velocity lower potential_VIS.pdf>
Package pdftex.def Info: Images/Results/Third signature/Velocity lower potential_VIS.pdf  used on input line 310.
(pdftex.def)             Requested size: 415.01587pt x 249.35759pt.
<Images/Results/Third signature/Velocity lower potential_NIR.pdf, id=2685, 844.35347pt x 502.50421pt>
File: Images/Results/Third signature/Velocity lower potential_NIR.pdf Graphic file (type pdf)
<use Images/Results/Third signature/Velocity lower potential_NIR.pdf>
Package pdftex.def Info: Images/Results/Third signature/Velocity lower potential_NIR.pdf  used on input line 316.
(pdftex.def)             Requested size: 415.01587pt x 246.9883pt.


[57]
<Images/Results/Third signature/Velocity bins energy plot_VIS.pdf, id=2690, 1169.2684pt x 696.38293pt>
File: Images/Results/Third signature/Velocity bins energy plot_VIS.pdf Graphic file (type pdf)
<use Images/Results/Third signature/Velocity bins energy plot_VIS.pdf>
Package pdftex.def Info: Images/Results/Third signature/Velocity bins energy plot_VIS.pdf  used on input line 327.
(pdftex.def)             Requested size: 415.01587pt x 247.16986pt.
<Images/Results/Third signature/Velocity bins energy plot_NIR.pdf, id=2691, 1177.2984pt x 696.38293pt>
File: Images/Results/Third signature/Velocity bins energy plot_NIR.pdf Graphic file (type pdf)
<use Images/Results/Third signature/Velocity bins energy plot_NIR.pdf>
Package pdftex.def Info: Images/Results/Third signature/Velocity bins energy plot_NIR.pdf  used on input line 333.
(pdftex.def)             Requested size: 415.01587pt x 245.48033pt.


[58 <./Images/Results/Third signature/Velocity lower potential_VIS.pdf> <./Images/Results/Third signature/Velocity lower potential_NIR.pdf>]

[59 <./Images/Results/Third signature/Velocity bins energy plot_VIS.pdf> <./Images/Results/Third signature/Velocity bins energy plot_NIR.pdf>]
<Images/Results/Third signature/Velocity bins energy NIR.pdf, id=2955, 1036.7734pt x 705.30249pt>
File: Images/Results/Third signature/Velocity bins energy NIR.pdf Graphic file (type pdf)
<use Images/Results/Third signature/Velocity bins energy NIR.pdf>
Package pdftex.def Info: Images/Results/Third signature/Velocity bins energy NIR.pdf  used on input line 353.
(pdftex.def)             Requested size: 415.01587pt x 282.33124pt.
<Images/Results/Third signature/Velocity bins energy VIS.pdf, id=2956, 988.75446pt x 846.95168pt>
File: Images/Results/Third signature/Velocity bins energy VIS.pdf Graphic file (type pdf)
<use Images/Results/Third signature/Velocity bins energy VIS.pdf>
Package pdftex.def Info: Images/Results/Third signature/Velocity bins energy VIS.pdf  used on input line 359.
(pdftex.def)             Requested size: 415.01587pt x 355.48465pt.


[60 <./Images/Results/Third signature/Velocity bins energy NIR.pdf>]
<Images/Results/Third signature/Velocity lower potential_SPA.pdf, id=3023, 830.30096pt x 502.50421pt>
File: Images/Results/Third signature/Velocity lower potential_SPA.pdf Graphic file (type pdf)
<use Images/Results/Third signature/Velocity lower potential_SPA.pdf>
Package pdftex.def Info: Images/Results/Third signature/Velocity lower potential_SPA.pdf  used on input line 368.
(pdftex.def)             Requested size: 461.13188pt x 279.08482pt.


[61 <./Images/Results/Third signature/Velocity bins energy VIS.pdf>]
<Images/Results/Third signature/Velocity bins energy SPA.pdf, id=3092, 981.2359pt x 1413.54846pt>
File: Images/Results/Third signature/Velocity bins energy SPA.pdf Graphic file (type pdf)
<use Images/Results/Third signature/Velocity bins energy SPA.pdf>
Package pdftex.def Info: Images/Results/Third signature/Velocity bins energy SPA.pdf  used on input line 376.
(pdftex.def)             Requested size: 391.9649pt x 564.65445pt.


[62 <./Images/Results/Third signature/Velocity lower potential_SPA.pdf>]
Overfull \vbox (6.04617pt too high) has occurred while \output is active []



[63 <./Images/Results/Third signature/Velocity bins energy SPA.pdf>]
<Images/Results/Third signature/energy coeficients VIS.pdf, id=3229, 991.68307pt x 563.66898pt>
File: Images/Results/Third signature/energy coeficients VIS.pdf Graphic file (type pdf)
<use Images/Results/Third signature/energy coeficients VIS.pdf>
Package pdftex.def Info: Images/Results/Third signature/energy coeficients VIS.pdf  used on input line 385.
(pdftex.def)             Requested size: 391.9649pt x 222.78871pt.
<Images/Results/Third signature/energy coeficients SPA.pdf, id=3230, 991.68307pt x 563.66898pt>
File: Images/Results/Third signature/energy coeficients SPA.pdf Graphic file (type pdf)
<use Images/Results/Third signature/energy coeficients SPA.pdf>
Package pdftex.def Info: Images/Results/Third signature/energy coeficients SPA.pdf  used on input line 391.
(pdftex.def)             Requested size: 391.9649pt x 222.78871pt.


[64 <./Images/Results/Third signature/energy coeficients VIS.pdf> <./Images/Results/Third signature/energy coeficients SPA.pdf>]
<Images/Results/Third signature/color curves VIS.pdf, id=3335, 997.87527pt x 885.14478pt>
File: Images/Results/Third signature/color curves VIS.pdf Graphic file (type pdf)
<use Images/Results/Third signature/color curves VIS.pdf>
Package pdftex.def Info: Images/Results/Third signature/color curves VIS.pdf  used on input line 419.
(pdftex.def)             Requested size: 461.13188pt x 409.0489pt.


[65]
<Images/Results/Third signature/color curves NIR.pdf, id=3341, 989.69308pt x 988.81982pt>
File: Images/Results/Third signature/color curves NIR.pdf Graphic file (type pdf)
<use Images/Results/Third signature/color curves NIR.pdf>
Package pdftex.def Info: Images/Results/Third signature/color curves NIR.pdf  used on input line 429.
(pdftex.def)             Requested size: 461.13188pt x 460.71684pt.


[66 <./Images/Results/Third signature/color curves VIS.pdf>]
<Images/Results/Third signature/color characterization coeff VIS.pdf, id=3417, 992.0444pt x 987.20755pt>
File: Images/Results/Third signature/color characterization coeff VIS.pdf Graphic file (type pdf)
<use Images/Results/Third signature/color characterization coeff VIS.pdf>
Package pdftex.def Info: Images/Results/Third signature/color characterization coeff VIS.pdf  used on input line 436.
(pdftex.def)             Requested size: 461.13188pt x 458.88107pt.


[67 <./Images/Results/Third signature/color curves NIR.pdf>]
<Images/Results/Third signature/color characterization coeff NIR.pdf, id=3489, 1000.0744pt x 562.25996pt>
File: Images/Results/Third signature/color characterization coeff NIR.pdf Graphic file (type pdf)
<use Images/Results/Third signature/color characterization coeff NIR.pdf>
Package pdftex.def Info: Images/Results/Third signature/color characterization coeff NIR.pdf  used on input line 442.
(pdftex.def)             Requested size: 461.13188pt x 259.25186pt.


[68 <./Images/Results/Third signature/color characterization coeff VIS.pdf>]

[69 <./Images/Results/Third signature/color characterization coeff NIR.pdf>])

[70]
Chapter 5.
(Chapter_5.tex

[71

]

[72]) (Chapter_6.tex

[73]
Appendix A.


[74

{C:/Users/clauw/AppData/Local/Programs/MiKTeX/fonts/enc/dvips/cm-super/cm-super-t1.enc}]

[75]
Appendix B.
<Images/CBS proof.png, id=3659, 1033.61156pt x 254.45062pt>
File: Images/CBS proof.png Graphic file (type png)
<use Images/CBS proof.png>
Package pdftex.def Info: Images/CBS proof.png  used on input line 34.
(pdftex.def)             Requested size: 413.4373pt x 101.77844pt.


[76

 <./Images/CBS proof.png>]

[77]

[78]
Appendix C.
<Images/Tools bar.png, id=3704, 625.58719pt x 63.98906pt>
File: Images/Tools bar.png Graphic file (type png)
<use Images/Tools bar.png>
Package pdftex.def Info: Images/Tools bar.png  used on input line 121.
(pdftex.def)             Requested size: 437.90805pt x 44.79202pt.
<Images/Added line.png, id=3707, 225.09094pt x 155.07938pt>
File: Images/Added line.png Graphic file (type png)
<use Images/Added line.png>
Package pdftex.def Info: Images/Added line.png  used on input line 139.
(pdftex.def)             Requested size: 193.67455pt x 133.44136pt.

Underfull \hbox (badness 5711) in paragraph at lines 140--140
[]\T1/stix/m/n/10.95 (a) |Mes-sage for an added line to the
 []

<Images/Updated line.png, id=3708, 234.1247pt x 146.79843pt>
File: Images/Updated line.png Graphic file (type png)
<use Images/Updated line.png>
Package pdftex.def Info: Images/Updated line.png  used on input line 144.
(pdftex.def)             Requested size: 207.50793pt x 130.11707pt.

Underfull \hbox (badness 8189) in paragraph at lines 145--145
[]\T1/stix/m/n/10.95 (b) |Mes-sage for an up-dated line to the
 []



[79

 <./Images/Tools bar.png>]
<Images/Save image.png, id=3715, 243.15843pt x 146.04562pt>
File: Images/Save image.png Graphic file (type png)
<use Images/Save image.png>
Package pdftex.def Info: Images/Save image.png  used on input line 155.
(pdftex.def)             Requested size: 206.68564pt x 124.13934pt.
<Images/Navigation bar.png, id=3716, 645.91313pt x 31.61812pt>
File: Images/Navigation bar.png Graphic file (type png)
<use Images/Navigation bar.png>
Package pdftex.def Info: Images/Navigation bar.png  used on input line 163.
(pdftex.def)             Requested size: 419.83856pt x 20.55151pt.


[80 <./Images/Added line.png> <./Images/Updated line.png> <./Images/Save image.png>]
<Images/View_1st_visualizer.png, id=3726, 1444.64719pt x 808.52063pt>
File: Images/View_1st_visualizer.png Graphic file (type png)
<use Images/View_1st_visualizer.png>
Package pdftex.def Info: Images/View_1st_visualizer.png  used on input line 175.
(pdftex.def)             Requested size: 433.3975pt x 242.55806pt.
<Images/View_2nd_visualizaer.png, id=3728, 1444.64719pt x 812.28468pt>
File: Images/View_2nd_visualizaer.png Graphic file (type png)
<use Images/View_2nd_visualizaer.png>
Package pdftex.def Info: Images/View_2nd_visualizaer.png  used on input line 186.
(pdftex.def)             Requested size: 433.3975pt x 243.68729pt.


[81 <./Images/Navigation bar.png> <./Images/View_1st_visualizer.png>]

[82 <./Images/View_2nd_visualizaer.png>]

[83]

[84]
<Images/1st filter example blend 1.jpg, id=3774, 1077.0639pt x 489.2679pt>
File: Images/1st filter example blend 1.jpg Graphic file (type jpg)
<use Images/1st filter example blend 1.jpg>
Package pdftex.def Info: Images/1st filter example blend 1.jpg  used on input line 282.
(pdftex.def)             Requested size: 430.81793pt x 195.70369pt.
<Images/1st filter example blend 2.jpg, id=3775, 1077.0639pt x 489.2679pt>
File: Images/1st filter example blend 2.jpg Graphic file (type jpg)
<use Images/1st filter example blend 2.jpg>
Package pdftex.def Info: Images/1st filter example blend 2.jpg  used on input line 283.
(pdftex.def)             Requested size: 430.81793pt x 195.70369pt.


[85]
<Images/1st filter example 1.jpg, id=3783, 1077.0639pt x 489.2679pt>
File: Images/1st filter example 1.jpg Graphic file (type jpg)
<use Images/1st filter example 1.jpg>
Package pdftex.def Info: Images/1st filter example 1.jpg  used on input line 289.
(pdftex.def)             Requested size: 430.81793pt x 195.70369pt.
<Images/1st filter example 2.jpg, id=3784, 1077.3048pt x 489.2679pt>
File: Images/1st filter example 2.jpg Graphic file (type jpg)
<use Images/1st filter example 2.jpg>
Package pdftex.def Info: Images/1st filter example 2.jpg  used on input line 290.
(pdftex.def)             Requested size: 430.91429pt x 195.70369pt.


[86 <./Images/1st filter example blend 1.jpg> <./Images/1st filter example blend 2.jpg>]

[87 <./Images/1st filter example 1.jpg> <./Images/1st filter example 2.jpg>]

[88]
<Images/2nd filter example blend 1.jpg, id=3823, 1077.3048pt x 491.6769pt>
File: Images/2nd filter example blend 1.jpg Graphic file (type jpg)
<use Images/2nd filter example blend 1.jpg>
Package pdftex.def Info: Images/2nd filter example blend 1.jpg  used on input line 357.
(pdftex.def)             Requested size: 430.91429pt x 196.66727pt.
<Images/2nd filter example blend 2.jpg, id=3824, 1077.3048pt x 491.6769pt>
File: Images/2nd filter example blend 2.jpg Graphic file (type jpg)
<use Images/2nd filter example blend 2.jpg>
Package pdftex.def Info: Images/2nd filter example blend 2.jpg  used on input line 358.
(pdftex.def)             Requested size: 430.91429pt x 196.66727pt.


[89]
<Images/2nd filter example 1.jpg, id=3832, 1077.0639pt x 491.6769pt>
File: Images/2nd filter example 1.jpg Graphic file (type jpg)
<use Images/2nd filter example 1.jpg>
Package pdftex.def Info: Images/2nd filter example 1.jpg  used on input line 364.
(pdftex.def)             Requested size: 430.81793pt x 196.66727pt.
<Images/2nd filter example 2.jpg, id=3833, 1077.0639pt x 491.6769pt>
File: Images/2nd filter example 2.jpg Graphic file (type jpg)
<use Images/2nd filter example 2.jpg>
Package pdftex.def Info: Images/2nd filter example 2.jpg  used on input line 365.
(pdftex.def)             Requested size: 430.81793pt x 196.66727pt.


[90 <./Images/2nd filter example blend 1.jpg> <./Images/2nd filter example blend 2.jpg>]

[91 <./Images/2nd filter example 1.jpg> <./Images/2nd filter example 2.jpg>]) (Chapter_0.bbl

[92]

[93

]

[94])

[95] (Chapter_0.aux)
 ***********
LaTeX2e <2025-06-01> patch level 1
L3 programming layer <2025-09-02>
 ***********


LaTeX Font Warning: Size substitutions with differences
(Font)              up to 0.5pt have occurred.

Package rerunfilecheck Info: File `Chapter_0.out' has not changed.
(rerunfilecheck)             Checksum: 623CDFF93AB655C8019726E844481CFA;10560.
 ) 
Here is how much of TeX's memory you used:
 26581 strings out of 468130
 498475 string characters out of 5430633
 1134328 words of memory out of 5000000
 54521 multiletter control sequences out of 15000+600000
 725346 words of font info for 153 fonts, out of 8000000 for 9000
 1141 hyphenation exceptions out of 8191
 90i,13n,94p,617b,2747s stack positions out of 10000i,1000n,20000p,200000b,200000s
<C:/Users/clauw/AppData/Local/Programs/MiKTeX/fonts/type1/public/stix/STIXGeneral-Bold.pfb><C:/Users/clauw/AppData/Local/Programs/MiKTeX/fonts/type1/public/stix/STIXGeneral-Italic.pfb><C:/Users/clauw/AppData/Local/Programs/MiKTeX/fonts/type1/public/stix/STIXGeneral-Regular.pfb><C:/Users/clauw/AppData/Local/Programs/MiKTeX/fonts/type1/public/cm-super/sftt1200.pfb><C:/Users/clauw/AppData/Local/Programs/MiKTeX/fonts/type1/public/stix/stix-mathbbit.pfb><C:/Users/clauw/AppData/Local/Programs/MiKTeX/fonts/type1/public/stix/stix-mathcal.pfb><C:/Users/clauw/AppData/Local/Programs/MiKTeX/fonts/type1/public/stix/stix-mathex.pfb><C:/Users/clauw/AppData/Local/Programs/MiKTeX/fonts/type1/public/stix/stix-mathit.pfb><C:/Users/clauw/AppData/Local/Programs/MiKTeX/fonts/type1/public/stix/stix-mathrm.pfb><C:/Users/clauw/AppData/Local/Programs/MiKTeX/fonts/type1/public/stix/stix-mathsf.pfb>
Output written on Chapter_0.pdf (98 pages, 7712098 bytes).
PDF statistics:
 3997 PDF objects out of 4296 (max. 8388607)
 324 named destinations out of 1000 (max. 500000)
 696 words of extra memory for PDF output out of 10000 (max. 10000000)

